# Logfile created on Sun Aug 03 12:02:55 -0400 2008DEPRECATION WARNING: config.action_view.cache_template_extensions option has been deprecated and has no affect. Please remove it from your config files.  See http://www.rubyonrails.org/deprecation for details. (called from send at /Library/Ruby/Gems/1.8/gems/rails-2.1.0/lib/initializer.rb:455)
DEPRECATION WARNING: config.action_view.cache_template_extensions option has been deprecated and has no affect. Please remove it from your config files.  See http://www.rubyonrails.org/deprecation for details. (called from send at /Library/Ruby/Gems/1.8/gems/rails-2.1.0/lib/initializer.rb:455)
DEPRECATION WARNING: config.action_view.cache_template_extensions option has been deprecated and has no affect. Please remove it from your config files.  See http://www.rubyonrails.org/deprecation for details. (called from send at /Library/Ruby/Gems/1.8/gems/rails-2.1.0/lib/initializer.rb:455)
  [4;36;1mSQL (0.005377)[0m   [0;1m SELECT name
 FROM sqlite_master
 WHERE type = 'table' AND NOT name = 'sqlite_sequence'
[0m
  [4;35;1mSQL (0.000336)[0m   [0mselect sqlite_version(*)[0m
  [4;36;1mSQL (0.003161)[0m   [0;1mCREATE TABLE "schema_migrations" ("version" varchar(255) NOT NULL) [0m
  [4;35;1mSQL (0.002138)[0m   [0mCREATE UNIQUE INDEX "unique_schema_migrations" ON "schema_migrations" ("version")[0m
  [4;36;1mSQL (0.000310)[0m   [0;1m SELECT name
 FROM sqlite_master
 WHERE type = 'table' AND NOT name = 'sqlite_sequence'
[0m
  [4;35;1mSQL (0.000153)[0m   [0mSELECT version FROM schema_migrations[0m
DEPRECATION WARNING: config.action_view.cache_template_extensions option has been deprecated and has no affect. Please remove it from your config files.  See http://www.rubyonrails.org/deprecation for details. (called from send at /Library/Ruby/Gems/1.8/gems/rails-2.1.0/lib/initializer.rb:455)
  [4;36;1mSQL (0.000455)[0m   [0;1m SELECT name
 FROM sqlite_master
 WHERE type = 'table' AND NOT name = 'sqlite_sequence'
[0m
  [4;35;1mSQL (0.000172)[0m   [0mSELECT version FROM schema_migrations[0m
  [4;36;1mSQL (0.000084)[0m   [0;1mSELECT version FROM schema_migrations[0m
  [4;35;1mSQL (0.000082)[0m   [0mSELECT version FROM schema_migrations[0m
  [4;36;1mSQL (0.000081)[0m   [0;1mSELECT version FROM schema_migrations[0m
  [4;35;1mSQL (0.000083)[0m   [0mSELECT version FROM schema_migrations[0m
  [4;36;1mSQL (0.000082)[0m   [0;1mSELECT version FROM schema_migrations[0m
  [4;35;1mSQL (0.000081)[0m   [0mSELECT version FROM schema_migrations[0m
  [4;36;1mSQL (0.000081)[0m   [0;1mSELECT version FROM schema_migrations[0m
  [4;35;1mSQL (0.000081)[0m   [0mSELECT version FROM schema_migrations[0m
  [4;36;1mSQL (0.000083)[0m   [0;1mSELECT version FROM schema_migrations[0m
Migrating to CreateBrigades (1)
  [4;35;1mSQL (0.000085)[0m   [0mSELECT version FROM schema_migrations[0m
  [4;36;1mSQL (0.000124)[0m   [0;1mselect sqlite_version(*)[0m
  [4;35;1mSQL (0.003207)[0m   [0mCREATE TABLE "brigades" ("id" INTEGER PRIMARY KEY AUTOINCREMENT NOT NULL, "name" varchar(255) DEFAULT NULL NULL, "description" text DEFAULT NULL NULL, "membership_size" integer DEFAULT NULL NULL, "website_url" varchar(255) DEFAULT NULL NULL, "rss_url" varchar(255) DEFAULT NULL NULL, "ical_url" varchar(255) DEFAULT NULL NULL, "established_on" date DEFAULT NULL NULL, "city" varchar(255) DEFAULT NULL NULL, "state_region" varchar(255) DEFAULT NULL NULL, "country" varchar(255) DEFAULT NULL NULL, "postal_code" varchar(255) DEFAULT NULL NULL, "lat" decimal(15,10) DEFAULT NULL NULL, "lng" decimal(15,10) DEFAULT NULL NULL, "created_at" datetime DEFAULT NULL NULL, "updated_at" datetime DEFAULT NULL NULL) [0m
  [4;36;1mSQL (0.002551)[0m   [0;1mINSERT INTO schema_migrations (version) VALUES ('1')[0m
Migrating to AddBrigadesSubdomain (2)
  [4;35;1mSQL (0.000400)[0m   [0mSELECT version FROM schema_migrations[0m
  [4;36;1mSQL (0.002457)[0m   [0;1mALTER TABLE "brigades" ADD "subdomain" varchar(255)[0m
  [4;35;1mSQL (0.023369)[0m   [0mVACUUM[0m
  [4;36;1mSQL (0.003341)[0m   [0;1mINSERT INTO schema_migrations (version) VALUES ('2')[0m
Migrating to CreateFeeds (3)
  [4;35;1mSQL (0.000447)[0m   [0mSELECT version FROM schema_migrations[0m
  [4;36;1mSQL (0.002283)[0m   [0;1mCREATE TABLE "feeds" ("id" INTEGER PRIMARY KEY AUTOINCREMENT NOT NULL, "uri" varchar(255) DEFAULT NULL NULL, "last_checked_at" datetime DEFAULT NULL NULL, "brigade_id" integer DEFAULT NULL NULL, "type" varchar(255) DEFAULT NULL NULL, "created_at" datetime DEFAULT NULL NULL, "updated_at" datetime DEFAULT NULL NULL) [0m
  [4;35;1mSQL (0.002320)[0m   [0mINSERT INTO schema_migrations (version) VALUES ('3')[0m
Migrating to CreateFeedItems (4)
  [4;36;1mSQL (0.001219)[0m   [0;1mSELECT version FROM schema_migrations[0m
  [4;35;1mSQL (0.002650)[0m   [0mCREATE TABLE "feed_items" ("id" INTEGER PRIMARY KEY AUTOINCREMENT NOT NULL, "summary" varchar(255) DEFAULT NULL NULL, "description" text DEFAULT NULL NULL, "uri" varchar(255) DEFAULT NULL NULL, "location" text DEFAULT NULL NULL, "starts_at" datetime DEFAULT NULL NULL, "ends_at" datetime DEFAULT NULL NULL, "type" varchar(255) DEFAULT NULL NULL, "created_at" datetime DEFAULT NULL NULL, "updated_at" datetime DEFAULT NULL NULL) [0m
  [4;36;1mSQL (0.002319)[0m   [0;1mINSERT INTO schema_migrations (version) VALUES ('4')[0m
Migrating to AddExceptionTable (5)
  [4;35;1mSQL (0.000618)[0m   [0mSELECT version FROM schema_migrations[0m
  [4;36;1mSQL (0.000481)[0m   [0;1m SELECT name
 FROM sqlite_master
 WHERE type = 'table' AND NOT name = 'sqlite_sequence'
[0m
  [4;35;1mSQL (0.002512)[0m   [0mCREATE TABLE "logged_exceptions" ("id" INTEGER PRIMARY KEY AUTOINCREMENT NOT NULL, "exception_class" varchar(255) DEFAULT NULL NULL, "controller_name" varchar(255) DEFAULT NULL NULL, "action_name" varchar(255) DEFAULT NULL NULL, "message" text DEFAULT NULL NULL, "backtrace" text DEFAULT NULL NULL, "environment" text DEFAULT NULL NULL, "request" text DEFAULT NULL NULL, "created_at" datetime DEFAULT NULL NULL) [0m
  [4;36;1mSQL (0.002181)[0m   [0;1mINSERT INTO schema_migrations (version) VALUES ('5')[0m
Migrating to DropUrlColumnsFromBrigades (6)
  [4;35;1mSQL (0.000663)[0m   [0mSELECT version FROM schema_migrations[0m
  [4;36;1mSQL (0.001167)[0m   [0;1mCREATE TEMPORARY TABLE "altered_brigades" ("id" INTEGER PRIMARY KEY AUTOINCREMENT NOT NULL, "name" varchar(255) DEFAULT NULL NULL, "description" text DEFAULT NULL NULL, "membership_size" integer DEFAULT NULL NULL, "website_url" varchar(255) DEFAULT NULL NULL, "rss_url" varchar(255) DEFAULT NULL NULL, "ical_url" varchar(255) DEFAULT NULL NULL, "established_on" date DEFAULT NULL NULL, "city" varchar(255) DEFAULT NULL NULL, "state_region" varchar(255) DEFAULT NULL NULL, "country" varchar(255) DEFAULT NULL NULL, "postal_code" varchar(255) DEFAULT NULL NULL, "lat" decimal DEFAULT NULL NULL, "lng" decimal DEFAULT NULL NULL, "created_at" datetime DEFAULT NULL NULL, "updated_at" datetime DEFAULT NULL NULL, "subdomain" varchar(255) DEFAULT NULL NULL) [0m
  [4;35;1mSQL (0.000059)[0m   [0mPRAGMA index_list("brigades")[0m
  [4;36;1mSQL (0.000384)[0m   [0;1mDROP TABLE "brigades"[0m
  [4;35;1mSQL (0.000277)[0m   [0mCREATE TABLE "brigades" ("id" INTEGER PRIMARY KEY AUTOINCREMENT NOT NULL, "name" varchar(255) DEFAULT NULL NULL, "description" text DEFAULT NULL NULL, "membership_size" integer DEFAULT NULL NULL, "website_url" varchar(255) DEFAULT NULL NULL, "ical_url" varchar(255) DEFAULT NULL NULL, "established_on" date DEFAULT NULL NULL, "city" varchar(255) DEFAULT NULL NULL, "state_region" varchar(255) DEFAULT NULL NULL, "country" varchar(255) DEFAULT NULL NULL, "postal_code" varchar(255) DEFAULT NULL NULL, "lat" decimal DEFAULT NULL NULL, "lng" decimal DEFAULT NULL NULL, "created_at" datetime DEFAULT NULL NULL, "updated_at" datetime DEFAULT NULL NULL, "subdomain" varchar(255) DEFAULT NULL NULL) [0m
  [4;36;1mSQL (0.000041)[0m   [0;1mPRAGMA index_list("altered_brigades")[0m
  [4;35;1mSQL (0.000116)[0m   [0mDROP TABLE "altered_brigades"[0m
  [4;36;1mSQL (0.000473)[0m   [0;1mCREATE TEMPORARY TABLE "altered_brigades" ("id" INTEGER PRIMARY KEY AUTOINCREMENT NOT NULL, "name" varchar(255) DEFAULT NULL NULL, "description" text DEFAULT NULL NULL, "membership_size" integer DEFAULT NULL NULL, "website_url" varchar(255) DEFAULT NULL NULL, "ical_url" varchar(255) DEFAULT NULL NULL, "established_on" date DEFAULT NULL NULL, "city" varchar(255) DEFAULT NULL NULL, "state_region" varchar(255) DEFAULT NULL NULL, "country" varchar(255) DEFAULT NULL NULL, "postal_code" varchar(255) DEFAULT NULL NULL, "lat" decimal DEFAULT NULL NULL, "lng" decimal DEFAULT NULL NULL, "created_at" datetime DEFAULT NULL NULL, "updated_at" datetime DEFAULT NULL NULL, "subdomain" varchar(255) DEFAULT NULL NULL) [0m
  [4;35;1mSQL (0.000050)[0m   [0mPRAGMA index_list("brigades")[0m
  [4;36;1mSQL (0.000408)[0m   [0;1mDROP TABLE "brigades"[0m
  [4;35;1mSQL (0.000270)[0m   [0mCREATE TABLE "brigades" ("id" INTEGER PRIMARY KEY AUTOINCREMENT NOT NULL, "name" varchar(255) DEFAULT NULL NULL, "description" text DEFAULT NULL NULL, "membership_size" integer DEFAULT NULL NULL, "website_url" varchar(255) DEFAULT NULL NULL, "established_on" date DEFAULT NULL NULL, "city" varchar(255) DEFAULT NULL NULL, "state_region" varchar(255) DEFAULT NULL NULL, "country" varchar(255) DEFAULT NULL NULL, "postal_code" varchar(255) DEFAULT NULL NULL, "lat" decimal DEFAULT NULL NULL, "lng" decimal DEFAULT NULL NULL, "created_at" datetime DEFAULT NULL NULL, "updated_at" datetime DEFAULT NULL NULL, "subdomain" varchar(255) DEFAULT NULL NULL) [0m
  [4;36;1mSQL (0.000041)[0m   [0;1mPRAGMA index_list("altered_brigades")[0m
  [4;35;1mSQL (0.000118)[0m   [0mDROP TABLE "altered_brigades"[0m
  [4;36;1mSQL (0.002336)[0m   [0;1mINSERT INTO schema_migrations (version) VALUES ('6')[0m
Migrating to AddForeignKeyToFeedItems (7)
  [4;35;1mSQL (0.000766)[0m   [0mSELECT version FROM schema_migrations[0m
  [4;36;1mSQL (0.000000)[0m   [0;1mSQLite3::SQLException: Cannot add a NOT NULL column with default value NULL: ALTER TABLE "feed_items" ADD "feed_id" integer NOT NULL[0m
DEPRECATION WARNING: config.action_view.cache_template_extensions option has been deprecated and has no affect. Please remove it from your config files.  See http://www.rubyonrails.org/deprecation for details. (called from send at /Library/Ruby/Gems/1.8/gems/rails-2.1.0/lib/initializer.rb:455)
  [4;36;1mSQL (0.000201)[0m   [0;1mselect sqlite_version(*)[0m
  [4;35;1mSQL (0.000717)[0m   [0m SELECT name
 FROM sqlite_master
 WHERE type = 'table' AND NOT name = 'sqlite_sequence'
[0m
  [4;36;1mSQL (0.003341)[0m   [0;1mDROP TABLE "brigades"[0m
  [4;35;1mSQL (0.003163)[0m   [0mCREATE TABLE "brigades" ("id" INTEGER PRIMARY KEY AUTOINCREMENT NOT NULL, "name" varchar(255) DEFAULT NULL NULL, "description" text DEFAULT NULL NULL, "membership_size" integer DEFAULT NULL NULL, "website_url" varchar(255) DEFAULT NULL NULL, "established_on" date DEFAULT NULL NULL, "city" varchar(255) DEFAULT NULL NULL, "state_region" varchar(255) DEFAULT NULL NULL, "country" varchar(255) DEFAULT NULL NULL, "postal_code" varchar(255) DEFAULT NULL NULL, "lat" decimal(15,10) DEFAULT NULL NULL, "lng" decimal(15,10) DEFAULT NULL NULL, "created_at" datetime DEFAULT NULL NULL, "updated_at" datetime DEFAULT NULL NULL, "subdomain" varchar(255) DEFAULT NULL NULL) [0m
  [4;36;1mSQL (0.001525)[0m   [0;1m SELECT name
 FROM sqlite_master
 WHERE type = 'table' AND NOT name = 'sqlite_sequence'
[0m
  [4;35;1mSQL (0.002632)[0m   [0mDROP TABLE "feed_items"[0m
  [4;36;1mSQL (0.002638)[0m   [0;1mCREATE TABLE "feed_items" ("id" INTEGER PRIMARY KEY AUTOINCREMENT NOT NULL, "summary" varchar(255) DEFAULT NULL NULL, "description" text DEFAULT NULL NULL, "uri" varchar(255) DEFAULT NULL NULL, "location" text DEFAULT NULL NULL, "starts_at" datetime DEFAULT NULL NULL, "ends_at" datetime DEFAULT NULL NULL, "type" varchar(255) DEFAULT NULL NULL, "created_at" datetime DEFAULT NULL NULL, "updated_at" datetime DEFAULT NULL NULL, "feed_id" integer NOT NULL, "guid" varchar(255) DEFAULT NULL NULL, "published_at" datetime DEFAULT NULL NULL) [0m
  [4;35;1mSQL (0.002616)[0m   [0mCREATE INDEX "index_feed_items_on_feed_id" ON "feed_items" ("feed_id")[0m
  [4;36;1mSQL (0.000894)[0m   [0;1m SELECT name
 FROM sqlite_master
 WHERE type = 'table' AND NOT name = 'sqlite_sequence'
[0m
  [4;35;1mSQL (0.002243)[0m   [0mDROP TABLE "feeds"[0m
  [4;36;1mSQL (0.002602)[0m   [0;1mCREATE TABLE "feeds" ("id" INTEGER PRIMARY KEY AUTOINCREMENT NOT NULL, "uri" varchar(255) DEFAULT NULL NULL, "last_checked_at" datetime DEFAULT NULL NULL, "brigade_id" integer DEFAULT NULL NULL, "type" varchar(255) DEFAULT NULL NULL, "created_at" datetime DEFAULT NULL NULL, "updated_at" datetime DEFAULT NULL NULL, "title" varchar(255) DEFAULT NULL NULL) [0m
  [4;35;1mSQL (0.000845)[0m   [0m SELECT name
 FROM sqlite_master
 WHERE type = 'table' AND NOT name = 'sqlite_sequence'
[0m
  [4;36;1mSQL (0.002692)[0m   [0;1mDROP TABLE "logged_exceptions"[0m
  [4;35;1mSQL (0.004052)[0m   [0mCREATE TABLE "logged_exceptions" ("id" INTEGER PRIMARY KEY AUTOINCREMENT NOT NULL, "exception_class" varchar(255) DEFAULT NULL NULL, "controller_name" varchar(255) DEFAULT NULL NULL, "action_name" varchar(255) DEFAULT NULL NULL, "message" text DEFAULT NULL NULL, "backtrace" text DEFAULT NULL NULL, "environment" text DEFAULT NULL NULL, "request" text DEFAULT NULL NULL, "created_at" datetime DEFAULT NULL NULL) [0m
  [4;36;1mSQL (0.000467)[0m   [0;1m SELECT name
 FROM sqlite_master
 WHERE type = 'table' AND NOT name = 'sqlite_sequence'
[0m
  [4;35;1mSQL (0.000351)[0m   [0mSELECT version FROM "schema_migrations"[0m
  [4;36;1mSQL (0.001871)[0m   [0;1mINSERT INTO "schema_migrations" (version) VALUES ('10')[0m
  [4;35;1mSQL (0.001611)[0m   [0mINSERT INTO "schema_migrations" (version) VALUES ('7')[0m
  [4;36;1mSQL (0.001558)[0m   [0;1mINSERT INTO "schema_migrations" (version) VALUES ('8')[0m
  [4;35;1mSQL (0.001392)[0m   [0mINSERT INTO "schema_migrations" (version) VALUES ('9')[0m
DEPRECATION WARNING: config.action_view.cache_template_extensions option has been deprecated and has no affect. Please remove it from your config files.  See http://www.rubyonrails.org/deprecation for details. (called from send at /Library/Ruby/Gems/1.8/gems/rails-2.1.0/lib/initializer.rb:455)
  [4;36;1mSQL (0.000849)[0m   [0;1m SELECT name
 FROM sqlite_master
 WHERE type = 'table' AND NOT name = 'sqlite_sequence'
[0m
  [4;35;1mSQL (0.000449)[0m   [0mSELECT version FROM schema_migrations[0m
  [4;36;1mSQL (0.000182)[0m   [0;1mselect sqlite_version(*)[0m
  [4;35;1mSQL (0.000475)[0m   [0mSELECT version FROM schema_migrations[0m
  [4;36;1mSQL (0.000316)[0m   [0;1m SELECT name
 FROM sqlite_master
 WHERE type = 'table' AND NOT name = 'sqlite_sequence'
[0m
  [4;35;1mSQL (0.000050)[0m   [0mPRAGMA index_list("brigades")[0m
  [4;36;1mSQL (0.000116)[0m   [0;1mPRAGMA index_list("feed_items")[0m
  [4;35;1mSQL (0.000114)[0m   [0mPRAGMA index_info('index_feed_items_on_feed_id')[0m
  [4;36;1mSQL (0.000045)[0m   [0;1mPRAGMA index_list("feeds")[0m
  [4;35;1mSQL (0.000044)[0m   [0mPRAGMA index_list("logged_exceptions")[0m
  [4;36;1mSQL (0.000150)[0m   [0;1mselect sqlite_version(*)[0m
  [4;35;1mSQL (0.000191)[0m   [0m SELECT name
 FROM sqlite_master
 WHERE type = 'table' AND NOT name = 'sqlite_sequence'
[0m
  [4;36;1mSQL (0.002652)[0m   [0;1mCREATE TABLE "brigades" ("id" INTEGER PRIMARY KEY AUTOINCREMENT NOT NULL, "name" varchar(255) DEFAULT NULL NULL, "description" text DEFAULT NULL NULL, "membership_size" integer DEFAULT NULL NULL, "website_url" varchar(255) DEFAULT NULL NULL, "established_on" date DEFAULT NULL NULL, "city" varchar(255) DEFAULT NULL NULL, "state_region" varchar(255) DEFAULT NULL NULL, "country" varchar(255) DEFAULT NULL NULL, "postal_code" varchar(255) DEFAULT NULL NULL, "lat" decimal(15,10) DEFAULT NULL NULL, "lng" decimal(15,10) DEFAULT NULL NULL, "created_at" datetime DEFAULT NULL NULL, "updated_at" datetime DEFAULT NULL NULL, "subdomain" varchar(255) DEFAULT NULL NULL) [0m
  [4;35;1mSQL (0.000335)[0m   [0m SELECT name
 FROM sqlite_master
 WHERE type = 'table' AND NOT name = 'sqlite_sequence'
[0m
  [4;36;1mSQL (0.002610)[0m   [0;1mCREATE TABLE "feed_items" ("id" INTEGER PRIMARY KEY AUTOINCREMENT NOT NULL, "summary" varchar(255) DEFAULT NULL NULL, "description" text DEFAULT NULL NULL, "uri" varchar(255) DEFAULT NULL NULL, "location" text DEFAULT NULL NULL, "starts_at" datetime DEFAULT NULL NULL, "ends_at" datetime DEFAULT NULL NULL, "type" varchar(255) DEFAULT NULL NULL, "created_at" datetime DEFAULT NULL NULL, "updated_at" datetime DEFAULT NULL NULL, "feed_id" integer NOT NULL, "guid" varchar(255) DEFAULT NULL NULL, "published_at" datetime DEFAULT NULL NULL) [0m
  [4;35;1mSQL (0.002280)[0m   [0mCREATE INDEX "index_feed_items_on_feed_id" ON "feed_items" ("feed_id")[0m
  [4;36;1mSQL (0.000383)[0m   [0;1m SELECT name
 FROM sqlite_master
 WHERE type = 'table' AND NOT name = 'sqlite_sequence'
[0m
  [4;35;1mSQL (0.003011)[0m   [0mCREATE TABLE "feeds" ("id" INTEGER PRIMARY KEY AUTOINCREMENT NOT NULL, "uri" varchar(255) DEFAULT NULL NULL, "last_checked_at" datetime DEFAULT NULL NULL, "brigade_id" integer DEFAULT NULL NULL, "type" varchar(255) DEFAULT NULL NULL, "created_at" datetime DEFAULT NULL NULL, "updated_at" datetime DEFAULT NULL NULL, "title" varchar(255) DEFAULT NULL NULL) [0m
  [4;36;1mSQL (0.000498)[0m   [0;1m SELECT name
 FROM sqlite_master
 WHERE type = 'table' AND NOT name = 'sqlite_sequence'
[0m
  [4;35;1mSQL (0.003323)[0m   [0mCREATE TABLE "logged_exceptions" ("id" INTEGER PRIMARY KEY AUTOINCREMENT NOT NULL, "exception_class" varchar(255) DEFAULT NULL NULL, "controller_name" varchar(255) DEFAULT NULL NULL, "action_name" varchar(255) DEFAULT NULL NULL, "message" text DEFAULT NULL NULL, "backtrace" text DEFAULT NULL NULL, "environment" text DEFAULT NULL NULL, "request" text DEFAULT NULL NULL, "created_at" datetime DEFAULT NULL NULL) [0m
  [4;36;1mSQL (0.000509)[0m   [0;1m SELECT name
 FROM sqlite_master
 WHERE type = 'table' AND NOT name = 'sqlite_sequence'
[0m
  [4;35;1mSQL (0.002570)[0m   [0mCREATE TABLE "schema_migrations" ("version" varchar(255) NOT NULL) [0m
  [4;36;1mSQL (0.003201)[0m   [0;1mCREATE UNIQUE INDEX "unique_schema_migrations" ON "schema_migrations" ("version")[0m
  [4;35;1mSQL (0.000797)[0m   [0m SELECT name
 FROM sqlite_master
 WHERE type = 'table' AND NOT name = 'sqlite_sequence'
[0m
  [4;36;1mSQL (0.000156)[0m   [0;1mSELECT version FROM "schema_migrations"[0m
  [4;35;1mSQL (0.002545)[0m   [0mINSERT INTO "schema_migrations" (version) VALUES ('10')[0m
  [4;36;1mSQL (0.002514)[0m   [0;1mINSERT INTO "schema_migrations" (version) VALUES ('1')[0m
  [4;35;1mSQL (0.002574)[0m   [0mINSERT INTO "schema_migrations" (version) VALUES ('2')[0m
  [4;36;1mSQL (0.002735)[0m   [0;1mINSERT INTO "schema_migrations" (version) VALUES ('3')[0m
  [4;35;1mSQL (0.002613)[0m   [0mINSERT INTO "schema_migrations" (version) VALUES ('4')[0m
  [4;36;1mSQL (0.002392)[0m   [0;1mINSERT INTO "schema_migrations" (version) VALUES ('5')[0m
  [4;35;1mSQL (0.002492)[0m   [0mINSERT INTO "schema_migrations" (version) VALUES ('6')[0m
  [4;36;1mSQL (0.002599)[0m   [0;1mINSERT INTO "schema_migrations" (version) VALUES ('7')[0m
  [4;35;1mSQL (0.002338)[0m   [0mINSERT INTO "schema_migrations" (version) VALUES ('8')[0m
  [4;36;1mSQL (0.002434)[0m   [0;1mINSERT INTO "schema_migrations" (version) VALUES ('9')[0m
DEPRECATION WARNING: config.action_view.cache_template_extensions option has been deprecated and has no affect. Please remove it from your config files.  See http://www.rubyonrails.org/deprecation for details. (called from send at /Library/Ruby/Gems/1.8/gems/rails-2.1.0/lib/initializer.rb:455)
DEPRECATION WARNING: config.action_view.cache_template_extensions option has been deprecated and has no affect. Please remove it from your config files.  See http://www.rubyonrails.org/deprecation for details. (called from send at /Library/Ruby/Gems/1.8/gems/rails-2.1.0/lib/initializer.rb:455)
DEPRECATION WARNING: config.action_view.cache_template_extensions option has been deprecated and has no affect. Please remove it from your config files.  See http://www.rubyonrails.org/deprecation for details. (called from send at /Library/Ruby/Gems/1.8/gems/rails-2.1.0/lib/initializer.rb:455)
DEPRECATION WARNING: config.action_view.cache_template_extensions option has been deprecated and has no affect. Please remove it from your config files.  See http://www.rubyonrails.org/deprecation for details. (called from send at /Library/Ruby/Gems/1.8/gems/rails-2.1.0/lib/initializer.rb:455)
  [4;36;1mSQL (0.000849)[0m   [0;1m SELECT name
 FROM sqlite_master
 WHERE type = 'table' AND NOT name = 'sqlite_sequence'
[0m
  [4;35;1mSQL (0.000441)[0m   [0mSELECT version FROM schema_migrations[0m
  [4;36;1mSQL (0.000171)[0m   [0;1mselect sqlite_version(*)[0m
  [4;35;1mSQL (0.000458)[0m   [0mSELECT version FROM schema_migrations[0m
  [4;36;1mSQL (0.000295)[0m   [0;1m SELECT name
 FROM sqlite_master
 WHERE type = 'table' AND NOT name = 'sqlite_sequence'
[0m
  [4;35;1mSQL (0.000048)[0m   [0mPRAGMA index_list("brigades")[0m
  [4;36;1mSQL (0.000113)[0m   [0;1mPRAGMA index_list("feed_items")[0m
  [4;35;1mSQL (0.000112)[0m   [0mPRAGMA index_info('index_feed_items_on_feed_id')[0m
  [4;36;1mSQL (0.000044)[0m   [0;1mPRAGMA index_list("feeds")[0m
  [4;35;1mSQL (0.000044)[0m   [0mPRAGMA index_list("logged_exceptions")[0m
  [4;36;1mSQL (0.000152)[0m   [0;1mselect sqlite_version(*)[0m
  [4;35;1mSQL (0.000191)[0m   [0m SELECT name
 FROM sqlite_master
 WHERE type = 'table' AND NOT name = 'sqlite_sequence'
[0m
  [4;36;1mSQL (0.002441)[0m   [0;1mCREATE TABLE "brigades" ("id" INTEGER PRIMARY KEY AUTOINCREMENT NOT NULL, "name" varchar(255) DEFAULT NULL NULL, "description" text DEFAULT NULL NULL, "membership_size" integer DEFAULT NULL NULL, "website_url" varchar(255) DEFAULT NULL NULL, "established_on" date DEFAULT NULL NULL, "city" varchar(255) DEFAULT NULL NULL, "state_region" varchar(255) DEFAULT NULL NULL, "country" varchar(255) DEFAULT NULL NULL, "postal_code" varchar(255) DEFAULT NULL NULL, "lat" decimal(15,10) DEFAULT NULL NULL, "lng" decimal(15,10) DEFAULT NULL NULL, "created_at" datetime DEFAULT NULL NULL, "updated_at" datetime DEFAULT NULL NULL, "subdomain" varchar(255) DEFAULT NULL NULL) [0m
  [4;35;1mSQL (0.000310)[0m   [0m SELECT name
 FROM sqlite_master
 WHERE type = 'table' AND NOT name = 'sqlite_sequence'
[0m
  [4;36;1mSQL (0.002539)[0m   [0;1mCREATE TABLE "feed_items" ("id" INTEGER PRIMARY KEY AUTOINCREMENT NOT NULL, "summary" varchar(255) DEFAULT NULL NULL, "description" text DEFAULT NULL NULL, "uri" varchar(255) DEFAULT NULL NULL, "location" text DEFAULT NULL NULL, "starts_at" datetime DEFAULT NULL NULL, "ends_at" datetime DEFAULT NULL NULL, "type" varchar(255) DEFAULT NULL NULL, "created_at" datetime DEFAULT NULL NULL, "updated_at" datetime DEFAULT NULL NULL, "feed_id" integer NOT NULL, "guid" varchar(255) DEFAULT NULL NULL, "published_at" datetime DEFAULT NULL NULL) [0m
  [4;35;1mSQL (0.002357)[0m   [0mCREATE INDEX "index_feed_items_on_feed_id" ON "feed_items" ("feed_id")[0m
  [4;36;1mSQL (0.000398)[0m   [0;1m SELECT name
 FROM sqlite_master
 WHERE type = 'table' AND NOT name = 'sqlite_sequence'
[0m
  [4;35;1mSQL (0.002992)[0m   [0mCREATE TABLE "feeds" ("id" INTEGER PRIMARY KEY AUTOINCREMENT NOT NULL, "uri" varchar(255) DEFAULT NULL NULL, "last_checked_at" datetime DEFAULT NULL NULL, "brigade_id" integer DEFAULT NULL NULL, "type" varchar(255) DEFAULT NULL NULL, "created_at" datetime DEFAULT NULL NULL, "updated_at" datetime DEFAULT NULL NULL, "title" varchar(255) DEFAULT NULL NULL) [0m
  [4;36;1mSQL (0.000523)[0m   [0;1m SELECT name
 FROM sqlite_master
 WHERE type = 'table' AND NOT name = 'sqlite_sequence'
[0m
  [4;35;1mSQL (0.002688)[0m   [0mCREATE TABLE "logged_exceptions" ("id" INTEGER PRIMARY KEY AUTOINCREMENT NOT NULL, "exception_class" varchar(255) DEFAULT NULL NULL, "controller_name" varchar(255) DEFAULT NULL NULL, "action_name" varchar(255) DEFAULT NULL NULL, "message" text DEFAULT NULL NULL, "backtrace" text DEFAULT NULL NULL, "environment" text DEFAULT NULL NULL, "request" text DEFAULT NULL NULL, "created_at" datetime DEFAULT NULL NULL) [0m
  [4;36;1mSQL (0.000719)[0m   [0;1m SELECT name
 FROM sqlite_master
 WHERE type = 'table' AND NOT name = 'sqlite_sequence'
[0m
  [4;35;1mSQL (0.002622)[0m   [0mCREATE TABLE "schema_migrations" ("version" varchar(255) NOT NULL) [0m
  [4;36;1mSQL (0.003091)[0m   [0;1mCREATE UNIQUE INDEX "unique_schema_migrations" ON "schema_migrations" ("version")[0m
  [4;35;1mSQL (0.000830)[0m   [0m SELECT name
 FROM sqlite_master
 WHERE type = 'table' AND NOT name = 'sqlite_sequence'
[0m
  [4;36;1mSQL (0.000163)[0m   [0;1mSELECT version FROM "schema_migrations"[0m
  [4;35;1mSQL (0.002778)[0m   [0mINSERT INTO "schema_migrations" (version) VALUES ('10')[0m
  [4;36;1mSQL (0.002479)[0m   [0;1mINSERT INTO "schema_migrations" (version) VALUES ('1')[0m
  [4;35;1mSQL (0.002334)[0m   [0mINSERT INTO "schema_migrations" (version) VALUES ('2')[0m
  [4;36;1mSQL (0.002536)[0m   [0;1mINSERT INTO "schema_migrations" (version) VALUES ('3')[0m
  [4;35;1mSQL (0.002469)[0m   [0mINSERT INTO "schema_migrations" (version) VALUES ('4')[0m
  [4;36;1mSQL (0.002331)[0m   [0;1mINSERT INTO "schema_migrations" (version) VALUES ('5')[0m
  [4;35;1mSQL (0.002547)[0m   [0mINSERT INTO "schema_migrations" (version) VALUES ('6')[0m
  [4;36;1mSQL (0.002709)[0m   [0;1mINSERT INTO "schema_migrations" (version) VALUES ('7')[0m
  [4;35;1mSQL (0.002338)[0m   [0mINSERT INTO "schema_migrations" (version) VALUES ('8')[0m
  [4;36;1mSQL (0.002202)[0m   [0;1mINSERT INTO "schema_migrations" (version) VALUES ('9')[0m
DEPRECATION WARNING: config.action_view.cache_template_extensions option has been deprecated and has no affect. Please remove it from your config files.  See http://www.rubyonrails.org/deprecation for details. (called from send at /Library/Ruby/Gems/1.8/gems/rails-2.1.0/lib/initializer.rb:455)
  [4;36;1mSQL (0.000878)[0m   [0;1m SELECT name
 FROM sqlite_master
 WHERE type = 'table' AND NOT name = 'sqlite_sequence'
[0m
  [4;35;1mSQL (0.000445)[0m   [0mSELECT version FROM schema_migrations[0m
  [4;36;1mSQL (0.000166)[0m   [0;1mselect sqlite_version(*)[0m
  [4;35;1mSQL (0.000458)[0m   [0mSELECT version FROM schema_migrations[0m
  [4;36;1mSQL (0.000296)[0m   [0;1m SELECT name
 FROM sqlite_master
 WHERE type = 'table' AND NOT name = 'sqlite_sequence'
[0m
  [4;35;1mSQL (0.000049)[0m   [0mPRAGMA index_list("brigades")[0m
  [4;36;1mSQL (0.000113)[0m   [0;1mPRAGMA index_list("feed_items")[0m
  [4;35;1mSQL (0.000113)[0m   [0mPRAGMA index_info('index_feed_items_on_feed_id')[0m
  [4;36;1mSQL (0.000045)[0m   [0;1mPRAGMA index_list("feeds")[0m
  [4;35;1mSQL (0.000045)[0m   [0mPRAGMA index_list("logged_exceptions")[0m
  [4;36;1mSQL (0.000159)[0m   [0;1mselect sqlite_version(*)[0m
  [4;35;1mSQL (0.000192)[0m   [0m SELECT name
 FROM sqlite_master
 WHERE type = 'table' AND NOT name = 'sqlite_sequence'
[0m
  [4;36;1mSQL (0.002572)[0m   [0;1mCREATE TABLE "brigades" ("id" INTEGER PRIMARY KEY AUTOINCREMENT NOT NULL, "name" varchar(255) DEFAULT NULL NULL, "description" text DEFAULT NULL NULL, "membership_size" integer DEFAULT NULL NULL, "website_url" varchar(255) DEFAULT NULL NULL, "established_on" date DEFAULT NULL NULL, "city" varchar(255) DEFAULT NULL NULL, "state_region" varchar(255) DEFAULT NULL NULL, "country" varchar(255) DEFAULT NULL NULL, "postal_code" varchar(255) DEFAULT NULL NULL, "lat" decimal(15,10) DEFAULT NULL NULL, "lng" decimal(15,10) DEFAULT NULL NULL, "created_at" datetime DEFAULT NULL NULL, "updated_at" datetime DEFAULT NULL NULL, "subdomain" varchar(255) DEFAULT NULL NULL) [0m
  [4;35;1mSQL (0.000347)[0m   [0m SELECT name
 FROM sqlite_master
 WHERE type = 'table' AND NOT name = 'sqlite_sequence'
[0m
  [4;36;1mSQL (0.003136)[0m   [0;1mCREATE TABLE "feed_items" ("id" INTEGER PRIMARY KEY AUTOINCREMENT NOT NULL, "summary" varchar(255) DEFAULT NULL NULL, "description" text DEFAULT NULL NULL, "uri" varchar(255) DEFAULT NULL NULL, "location" text DEFAULT NULL NULL, "starts_at" datetime DEFAULT NULL NULL, "ends_at" datetime DEFAULT NULL NULL, "type" varchar(255) DEFAULT NULL NULL, "created_at" datetime DEFAULT NULL NULL, "updated_at" datetime DEFAULT NULL NULL, "feed_id" integer NOT NULL, "guid" varchar(255) DEFAULT NULL NULL, "published_at" datetime DEFAULT NULL NULL) [0m
  [4;35;1mSQL (0.002488)[0m   [0mCREATE INDEX "index_feed_items_on_feed_id" ON "feed_items" ("feed_id")[0m
  [4;36;1mSQL (0.000366)[0m   [0;1m SELECT name
 FROM sqlite_master
 WHERE type = 'table' AND NOT name = 'sqlite_sequence'
[0m
  [4;35;1mSQL (0.002928)[0m   [0mCREATE TABLE "feeds" ("id" INTEGER PRIMARY KEY AUTOINCREMENT NOT NULL, "uri" varchar(255) DEFAULT NULL NULL, "last_checked_at" datetime DEFAULT NULL NULL, "brigade_id" integer DEFAULT NULL NULL, "type" varchar(255) DEFAULT NULL NULL, "created_at" datetime DEFAULT NULL NULL, "updated_at" datetime DEFAULT NULL NULL, "title" varchar(255) DEFAULT NULL NULL) [0m
  [4;36;1mSQL (0.000413)[0m   [0;1m SELECT name
 FROM sqlite_master
 WHERE type = 'table' AND NOT name = 'sqlite_sequence'
[0m
  [4;35;1mSQL (0.002649)[0m   [0mCREATE TABLE "logged_exceptions" ("id" INTEGER PRIMARY KEY AUTOINCREMENT NOT NULL, "exception_class" varchar(255) DEFAULT NULL NULL, "controller_name" varchar(255) DEFAULT NULL NULL, "action_name" varchar(255) DEFAULT NULL NULL, "message" text DEFAULT NULL NULL, "backtrace" text DEFAULT NULL NULL, "environment" text DEFAULT NULL NULL, "request" text DEFAULT NULL NULL, "created_at" datetime DEFAULT NULL NULL) [0m
  [4;36;1mSQL (0.000603)[0m   [0;1m SELECT name
 FROM sqlite_master
 WHERE type = 'table' AND NOT name = 'sqlite_sequence'
[0m
  [4;35;1mSQL (0.002759)[0m   [0mCREATE TABLE "schema_migrations" ("version" varchar(255) NOT NULL) [0m
  [4;36;1mSQL (0.003790)[0m   [0;1mCREATE UNIQUE INDEX "unique_schema_migrations" ON "schema_migrations" ("version")[0m
  [4;35;1mSQL (0.000790)[0m   [0m SELECT name
 FROM sqlite_master
 WHERE type = 'table' AND NOT name = 'sqlite_sequence'
[0m
  [4;36;1mSQL (0.000153)[0m   [0;1mSELECT version FROM "schema_migrations"[0m
  [4;35;1mSQL (0.002318)[0m   [0mINSERT INTO "schema_migrations" (version) VALUES ('10')[0m
  [4;36;1mSQL (0.002298)[0m   [0;1mINSERT INTO "schema_migrations" (version) VALUES ('1')[0m
  [4;35;1mSQL (0.002311)[0m   [0mINSERT INTO "schema_migrations" (version) VALUES ('2')[0m
  [4;36;1mSQL (0.002574)[0m   [0;1mINSERT INTO "schema_migrations" (version) VALUES ('3')[0m
  [4;35;1mSQL (0.002719)[0m   [0mINSERT INTO "schema_migrations" (version) VALUES ('4')[0m
  [4;36;1mSQL (0.002177)[0m   [0;1mINSERT INTO "schema_migrations" (version) VALUES ('5')[0m
  [4;35;1mSQL (0.002896)[0m   [0mINSERT INTO "schema_migrations" (version) VALUES ('6')[0m
  [4;36;1mSQL (0.002383)[0m   [0;1mINSERT INTO "schema_migrations" (version) VALUES ('7')[0m
  [4;35;1mSQL (0.002188)[0m   [0mINSERT INTO "schema_migrations" (version) VALUES ('8')[0m
  [4;36;1mSQL (0.002418)[0m   [0;1mINSERT INTO "schema_migrations" (version) VALUES ('9')[0m
DEPRECATION WARNING: config.action_view.cache_template_extensions option has been deprecated and has no affect. Please remove it from your config files.  See http://www.rubyonrails.org/deprecation for details. (called from send at /Library/Ruby/Gems/1.8/gems/rails-2.1.0/lib/initializer.rb:455)
  [4;36;1mSQL (0.000822)[0m   [0;1m SELECT name
 FROM sqlite_master
 WHERE type = 'table' AND NOT name = 'sqlite_sequence'
[0m
  [4;35;1mSQL (0.000439)[0m   [0mSELECT version FROM schema_migrations[0m
  [4;36;1mSQL (0.000172)[0m   [0;1mselect sqlite_version(*)[0m
  [4;35;1mSQL (0.000463)[0m   [0mSELECT version FROM schema_migrations[0m
  [4;36;1mSQL (0.000295)[0m   [0;1m SELECT name
 FROM sqlite_master
 WHERE type = 'table' AND NOT name = 'sqlite_sequence'
[0m
  [4;35;1mSQL (0.000053)[0m   [0mPRAGMA index_list("brigades")[0m
  [4;36;1mSQL (0.000127)[0m   [0;1mPRAGMA index_list("feed_items")[0m
  [4;35;1mSQL (0.000113)[0m   [0mPRAGMA index_info('index_feed_items_on_feed_id')[0m
  [4;36;1mSQL (0.000044)[0m   [0;1mPRAGMA index_list("feeds")[0m
  [4;35;1mSQL (0.000043)[0m   [0mPRAGMA index_list("logged_exceptions")[0m
  [4;36;1mSQL (0.000160)[0m   [0;1mselect sqlite_version(*)[0m
  [4;35;1mSQL (0.000192)[0m   [0m SELECT name
 FROM sqlite_master
 WHERE type = 'table' AND NOT name = 'sqlite_sequence'
[0m
  [4;36;1mSQL (0.002532)[0m   [0;1mCREATE TABLE "brigades" ("id" INTEGER PRIMARY KEY AUTOINCREMENT NOT NULL, "name" varchar(255) DEFAULT NULL NULL, "description" text DEFAULT NULL NULL, "membership_size" integer DEFAULT NULL NULL, "website_url" varchar(255) DEFAULT NULL NULL, "established_on" date DEFAULT NULL NULL, "city" varchar(255) DEFAULT NULL NULL, "state_region" varchar(255) DEFAULT NULL NULL, "country" varchar(255) DEFAULT NULL NULL, "postal_code" varchar(255) DEFAULT NULL NULL, "lat" decimal(15,10) DEFAULT NULL NULL, "lng" decimal(15,10) DEFAULT NULL NULL, "created_at" datetime DEFAULT NULL NULL, "updated_at" datetime DEFAULT NULL NULL, "subdomain" varchar(255) DEFAULT NULL NULL) [0m
  [4;35;1mSQL (0.000328)[0m   [0m SELECT name
 FROM sqlite_master
 WHERE type = 'table' AND NOT name = 'sqlite_sequence'
[0m
  [4;36;1mSQL (0.002553)[0m   [0;1mCREATE TABLE "feed_items" ("id" INTEGER PRIMARY KEY AUTOINCREMENT NOT NULL, "summary" varchar(255) DEFAULT NULL NULL, "description" text DEFAULT NULL NULL, "uri" varchar(255) DEFAULT NULL NULL, "location" text DEFAULT NULL NULL, "starts_at" datetime DEFAULT NULL NULL, "ends_at" datetime DEFAULT NULL NULL, "type" varchar(255) DEFAULT NULL NULL, "created_at" datetime DEFAULT NULL NULL, "updated_at" datetime DEFAULT NULL NULL, "feed_id" integer NOT NULL, "guid" varchar(255) DEFAULT NULL NULL, "published_at" datetime DEFAULT NULL NULL) [0m
  [4;35;1mSQL (0.002474)[0m   [0mCREATE INDEX "index_feed_items_on_feed_id" ON "feed_items" ("feed_id")[0m
  [4;36;1mSQL (0.000373)[0m   [0;1m SELECT name
 FROM sqlite_master
 WHERE type = 'table' AND NOT name = 'sqlite_sequence'
[0m
  [4;35;1mSQL (0.002945)[0m   [0mCREATE TABLE "feeds" ("id" INTEGER PRIMARY KEY AUTOINCREMENT NOT NULL, "uri" varchar(255) DEFAULT NULL NULL, "last_checked_at" datetime DEFAULT NULL NULL, "brigade_id" integer DEFAULT NULL NULL, "type" varchar(255) DEFAULT NULL NULL, "created_at" datetime DEFAULT NULL NULL, "updated_at" datetime DEFAULT NULL NULL, "title" varchar(255) DEFAULT NULL NULL) [0m
  [4;36;1mSQL (0.000429)[0m   [0;1m SELECT name
 FROM sqlite_master
 WHERE type = 'table' AND NOT name = 'sqlite_sequence'
[0m
  [4;35;1mSQL (0.002640)[0m   [0mCREATE TABLE "logged_exceptions" ("id" INTEGER PRIMARY KEY AUTOINCREMENT NOT NULL, "exception_class" varchar(255) DEFAULT NULL NULL, "controller_name" varchar(255) DEFAULT NULL NULL, "action_name" varchar(255) DEFAULT NULL NULL, "message" text DEFAULT NULL NULL, "backtrace" text DEFAULT NULL NULL, "environment" text DEFAULT NULL NULL, "request" text DEFAULT NULL NULL, "created_at" datetime DEFAULT NULL NULL) [0m
  [4;36;1mSQL (0.000538)[0m   [0;1m SELECT name
 FROM sqlite_master
 WHERE type = 'table' AND NOT name = 'sqlite_sequence'
[0m
  [4;35;1mSQL (0.002602)[0m   [0mCREATE TABLE "schema_migrations" ("version" varchar(255) NOT NULL) [0m
  [4;36;1mSQL (0.002834)[0m   [0;1mCREATE UNIQUE INDEX "unique_schema_migrations" ON "schema_migrations" ("version")[0m
  [4;35;1mSQL (0.000857)[0m   [0m SELECT name
 FROM sqlite_master
 WHERE type = 'table' AND NOT name = 'sqlite_sequence'
[0m
  [4;36;1mSQL (0.000157)[0m   [0;1mSELECT version FROM "schema_migrations"[0m
  [4;35;1mSQL (0.003021)[0m   [0mINSERT INTO "schema_migrations" (version) VALUES ('10')[0m
  [4;36;1mSQL (0.002347)[0m   [0;1mINSERT INTO "schema_migrations" (version) VALUES ('1')[0m
  [4;35;1mSQL (0.002446)[0m   [0mINSERT INTO "schema_migrations" (version) VALUES ('2')[0m
  [4;36;1mSQL (0.002284)[0m   [0;1mINSERT INTO "schema_migrations" (version) VALUES ('3')[0m
  [4;35;1mSQL (0.002238)[0m   [0mINSERT INTO "schema_migrations" (version) VALUES ('4')[0m
  [4;36;1mSQL (0.002412)[0m   [0;1mINSERT INTO "schema_migrations" (version) VALUES ('5')[0m
  [4;35;1mSQL (0.002460)[0m   [0mINSERT INTO "schema_migrations" (version) VALUES ('6')[0m
  [4;36;1mSQL (0.002392)[0m   [0;1mINSERT INTO "schema_migrations" (version) VALUES ('7')[0m
  [4;35;1mSQL (0.002505)[0m   [0mINSERT INTO "schema_migrations" (version) VALUES ('8')[0m
  [4;36;1mSQL (0.002857)[0m   [0;1mINSERT INTO "schema_migrations" (version) VALUES ('9')[0m
DEPRECATION WARNING: config.action_view.cache_template_extensions option has been deprecated and has no affect. Please remove it from your config files.  See http://www.rubyonrails.org/deprecation for details. (called from send at /Library/Ruby/Gems/1.8/gems/rails-2.1.0/lib/initializer.rb:455)
  [4;36;1mSQL (0.000806)[0m   [0;1m SELECT name
 FROM sqlite_master
 WHERE type = 'table' AND NOT name = 'sqlite_sequence'
[0m
  [4;35;1mSQL (0.000497)[0m   [0mSELECT version FROM schema_migrations[0m
  [4;36;1mSQL (0.000162)[0m   [0;1mselect sqlite_version(*)[0m
  [4;35;1mSQL (0.000462)[0m   [0mSELECT version FROM schema_migrations[0m
  [4;36;1mSQL (0.000295)[0m   [0;1m SELECT name
 FROM sqlite_master
 WHERE type = 'table' AND NOT name = 'sqlite_sequence'
[0m
  [4;35;1mSQL (0.000047)[0m   [0mPRAGMA index_list("brigades")[0m
  [4;36;1mSQL (0.000112)[0m   [0;1mPRAGMA index_list("feed_items")[0m
  [4;35;1mSQL (0.000113)[0m   [0mPRAGMA index_info('index_feed_items_on_feed_id')[0m
  [4;36;1mSQL (0.000044)[0m   [0;1mPRAGMA index_list("feeds")[0m
  [4;35;1mSQL (0.000044)[0m   [0mPRAGMA index_list("logged_exceptions")[0m
  [4;36;1mSQL (0.000157)[0m   [0;1mselect sqlite_version(*)[0m
  [4;35;1mSQL (0.000191)[0m   [0m SELECT name
 FROM sqlite_master
 WHERE type = 'table' AND NOT name = 'sqlite_sequence'
[0m
  [4;36;1mSQL (0.002697)[0m   [0;1mCREATE TABLE "brigades" ("id" INTEGER PRIMARY KEY AUTOINCREMENT NOT NULL, "name" varchar(255) DEFAULT NULL NULL, "description" text DEFAULT NULL NULL, "membership_size" integer DEFAULT NULL NULL, "website_url" varchar(255) DEFAULT NULL NULL, "established_on" date DEFAULT NULL NULL, "city" varchar(255) DEFAULT NULL NULL, "state_region" varchar(255) DEFAULT NULL NULL, "country" varchar(255) DEFAULT NULL NULL, "postal_code" varchar(255) DEFAULT NULL NULL, "lat" decimal(15,10) DEFAULT NULL NULL, "lng" decimal(15,10) DEFAULT NULL NULL, "created_at" datetime DEFAULT NULL NULL, "updated_at" datetime DEFAULT NULL NULL, "subdomain" varchar(255) DEFAULT NULL NULL) [0m
  [4;35;1mSQL (0.000372)[0m   [0m SELECT name
 FROM sqlite_master
 WHERE type = 'table' AND NOT name = 'sqlite_sequence'
[0m
  [4;36;1mSQL (0.002326)[0m   [0;1mCREATE TABLE "feed_items" ("id" INTEGER PRIMARY KEY AUTOINCREMENT NOT NULL, "summary" varchar(255) DEFAULT NULL NULL, "description" text DEFAULT NULL NULL, "uri" varchar(255) DEFAULT NULL NULL, "location" text DEFAULT NULL NULL, "starts_at" datetime DEFAULT NULL NULL, "ends_at" datetime DEFAULT NULL NULL, "type" varchar(255) DEFAULT NULL NULL, "created_at" datetime DEFAULT NULL NULL, "updated_at" datetime DEFAULT NULL NULL, "feed_id" integer NOT NULL, "guid" varchar(255) DEFAULT NULL NULL, "published_at" datetime DEFAULT NULL NULL) [0m
  [4;35;1mSQL (0.002268)[0m   [0mCREATE INDEX "index_feed_items_on_feed_id" ON "feed_items" ("feed_id")[0m
  [4;36;1mSQL (0.000328)[0m   [0;1m SELECT name
 FROM sqlite_master
 WHERE type = 'table' AND NOT name = 'sqlite_sequence'
[0m
  [4;35;1mSQL (0.003067)[0m   [0mCREATE TABLE "feeds" ("id" INTEGER PRIMARY KEY AUTOINCREMENT NOT NULL, "uri" varchar(255) DEFAULT NULL NULL, "last_checked_at" datetime DEFAULT NULL NULL, "brigade_id" integer DEFAULT NULL NULL, "type" varchar(255) DEFAULT NULL NULL, "created_at" datetime DEFAULT NULL NULL, "updated_at" datetime DEFAULT NULL NULL, "title" varchar(255) DEFAULT NULL NULL) [0m
  [4;36;1mSQL (0.000440)[0m   [0;1m SELECT name
 FROM sqlite_master
 WHERE type = 'table' AND NOT name = 'sqlite_sequence'
[0m
  [4;35;1mSQL (0.002224)[0m   [0mCREATE TABLE "logged_exceptions" ("id" INTEGER PRIMARY KEY AUTOINCREMENT NOT NULL, "exception_class" varchar(255) DEFAULT NULL NULL, "controller_name" varchar(255) DEFAULT NULL NULL, "action_name" varchar(255) DEFAULT NULL NULL, "message" text DEFAULT NULL NULL, "backtrace" text DEFAULT NULL NULL, "environment" text DEFAULT NULL NULL, "request" text DEFAULT NULL NULL, "created_at" datetime DEFAULT NULL NULL) [0m
  [4;36;1mSQL (0.000467)[0m   [0;1m SELECT name
 FROM sqlite_master
 WHERE type = 'table' AND NOT name = 'sqlite_sequence'
[0m
  [4;35;1mSQL (0.002565)[0m   [0mCREATE TABLE "schema_migrations" ("version" varchar(255) NOT NULL) [0m
  [4;36;1mSQL (0.002836)[0m   [0;1mCREATE UNIQUE INDEX "unique_schema_migrations" ON "schema_migrations" ("version")[0m
  [4;35;1mSQL (0.000535)[0m   [0m SELECT name
 FROM sqlite_master
 WHERE type = 'table' AND NOT name = 'sqlite_sequence'
[0m
  [4;36;1mSQL (0.000139)[0m   [0;1mSELECT version FROM "schema_migrations"[0m
  [4;35;1mSQL (0.002202)[0m   [0mINSERT INTO "schema_migrations" (version) VALUES ('10')[0m
  [4;36;1mSQL (0.002247)[0m   [0;1mINSERT INTO "schema_migrations" (version) VALUES ('1')[0m
  [4;35;1mSQL (0.002403)[0m   [0mINSERT INTO "schema_migrations" (version) VALUES ('2')[0m
  [4;36;1mSQL (0.002609)[0m   [0;1mINSERT INTO "schema_migrations" (version) VALUES ('3')[0m
  [4;35;1mSQL (0.002565)[0m   [0mINSERT INTO "schema_migrations" (version) VALUES ('4')[0m
  [4;36;1mSQL (0.002469)[0m   [0;1mINSERT INTO "schema_migrations" (version) VALUES ('5')[0m
  [4;35;1mSQL (0.002594)[0m   [0mINSERT INTO "schema_migrations" (version) VALUES ('6')[0m
  [4;36;1mSQL (0.002466)[0m   [0;1mINSERT INTO "schema_migrations" (version) VALUES ('7')[0m
  [4;35;1mSQL (0.002180)[0m   [0mINSERT INTO "schema_migrations" (version) VALUES ('8')[0m
  [4;36;1mSQL (0.002211)[0m   [0;1mINSERT INTO "schema_migrations" (version) VALUES ('9')[0m
DEPRECATION WARNING: config.action_view.cache_template_extensions option has been deprecated and has no affect. Please remove it from your config files.  See http://www.rubyonrails.org/deprecation for details. (called from send at /Library/Ruby/Gems/1.8/gems/rails-2.1.0/lib/initializer.rb:455)
  [4;36;1mSQL (0.000810)[0m   [0;1m SELECT name
 FROM sqlite_master
 WHERE type = 'table' AND NOT name = 'sqlite_sequence'
[0m
  [4;35;1mSQL (0.000473)[0m   [0mSELECT version FROM schema_migrations[0m
  [4;36;1mSQL (0.000167)[0m   [0;1mselect sqlite_version(*)[0m
  [4;35;1mSQL (0.000465)[0m   [0mSELECT version FROM schema_migrations[0m
  [4;36;1mSQL (0.000294)[0m   [0;1m SELECT name
 FROM sqlite_master
 WHERE type = 'table' AND NOT name = 'sqlite_sequence'
[0m
  [4;35;1mSQL (0.000072)[0m   [0mPRAGMA index_list("brigades")[0m
  [4;36;1mSQL (0.000113)[0m   [0;1mPRAGMA index_list("feed_items")[0m
  [4;35;1mSQL (0.000112)[0m   [0mPRAGMA index_info('index_feed_items_on_feed_id')[0m
  [4;36;1mSQL (0.000044)[0m   [0;1mPRAGMA index_list("feeds")[0m
  [4;35;1mSQL (0.000043)[0m   [0mPRAGMA index_list("logged_exceptions")[0m
  [4;36;1mSQL (0.000209)[0m   [0;1mselect sqlite_version(*)[0m
  [4;35;1mSQL (0.000196)[0m   [0m SELECT name
 FROM sqlite_master
 WHERE type = 'table' AND NOT name = 'sqlite_sequence'
[0m
  [4;36;1mSQL (0.002588)[0m   [0;1mCREATE TABLE "brigades" ("id" INTEGER PRIMARY KEY AUTOINCREMENT NOT NULL, "name" varchar(255) DEFAULT NULL NULL, "description" text DEFAULT NULL NULL, "membership_size" integer DEFAULT NULL NULL, "website_url" varchar(255) DEFAULT NULL NULL, "established_on" date DEFAULT NULL NULL, "city" varchar(255) DEFAULT NULL NULL, "state_region" varchar(255) DEFAULT NULL NULL, "country" varchar(255) DEFAULT NULL NULL, "postal_code" varchar(255) DEFAULT NULL NULL, "lat" decimal(15,10) DEFAULT NULL NULL, "lng" decimal(15,10) DEFAULT NULL NULL, "created_at" datetime DEFAULT NULL NULL, "updated_at" datetime DEFAULT NULL NULL, "subdomain" varchar(255) DEFAULT NULL NULL) [0m
  [4;35;1mSQL (0.000353)[0m   [0m SELECT name
 FROM sqlite_master
 WHERE type = 'table' AND NOT name = 'sqlite_sequence'
[0m
  [4;36;1mSQL (0.002933)[0m   [0;1mCREATE TABLE "feed_items" ("id" INTEGER PRIMARY KEY AUTOINCREMENT NOT NULL, "summary" varchar(255) DEFAULT NULL NULL, "description" text DEFAULT NULL NULL, "uri" varchar(255) DEFAULT NULL NULL, "location" text DEFAULT NULL NULL, "starts_at" datetime DEFAULT NULL NULL, "ends_at" datetime DEFAULT NULL NULL, "type" varchar(255) DEFAULT NULL NULL, "created_at" datetime DEFAULT NULL NULL, "updated_at" datetime DEFAULT NULL NULL, "feed_id" integer NOT NULL, "guid" varchar(255) DEFAULT NULL NULL, "published_at" datetime DEFAULT NULL NULL) [0m
  [4;35;1mSQL (0.002751)[0m   [0mCREATE INDEX "index_feed_items_on_feed_id" ON "feed_items" ("feed_id")[0m
  [4;36;1mSQL (0.000371)[0m   [0;1m SELECT name
 FROM sqlite_master
 WHERE type = 'table' AND NOT name = 'sqlite_sequence'
[0m
  [4;35;1mSQL (0.003776)[0m   [0mCREATE TABLE "feeds" ("id" INTEGER PRIMARY KEY AUTOINCREMENT NOT NULL, "uri" varchar(255) DEFAULT NULL NULL, "last_checked_at" datetime DEFAULT NULL NULL, "brigade_id" integer DEFAULT NULL NULL, "type" varchar(255) DEFAULT NULL NULL, "created_at" datetime DEFAULT NULL NULL, "updated_at" datetime DEFAULT NULL NULL, "title" varchar(255) DEFAULT NULL NULL) [0m
  [4;36;1mSQL (0.000595)[0m   [0;1m SELECT name
 FROM sqlite_master
 WHERE type = 'table' AND NOT name = 'sqlite_sequence'
[0m
  [4;35;1mSQL (0.002549)[0m   [0mCREATE TABLE "logged_exceptions" ("id" INTEGER PRIMARY KEY AUTOINCREMENT NOT NULL, "exception_class" varchar(255) DEFAULT NULL NULL, "controller_name" varchar(255) DEFAULT NULL NULL, "action_name" varchar(255) DEFAULT NULL NULL, "message" text DEFAULT NULL NULL, "backtrace" text DEFAULT NULL NULL, "environment" text DEFAULT NULL NULL, "request" text DEFAULT NULL NULL, "created_at" datetime DEFAULT NULL NULL) [0m
  [4;36;1mSQL (0.000674)[0m   [0;1m SELECT name
 FROM sqlite_master
 WHERE type = 'table' AND NOT name = 'sqlite_sequence'
[0m
  [4;35;1mSQL (0.002837)[0m   [0mCREATE TABLE "schema_migrations" ("version" varchar(255) NOT NULL) [0m
  [4;36;1mSQL (0.003010)[0m   [0;1mCREATE UNIQUE INDEX "unique_schema_migrations" ON "schema_migrations" ("version")[0m
  [4;35;1mSQL (0.000936)[0m   [0m SELECT name
 FROM sqlite_master
 WHERE type = 'table' AND NOT name = 'sqlite_sequence'
[0m
  [4;36;1mSQL (0.000205)[0m   [0;1mSELECT version FROM "schema_migrations"[0m
  [4;35;1mSQL (0.002309)[0m   [0mINSERT INTO "schema_migrations" (version) VALUES ('10')[0m
  [4;36;1mSQL (0.002813)[0m   [0;1mINSERT INTO "schema_migrations" (version) VALUES ('1')[0m
  [4;35;1mSQL (0.002605)[0m   [0mINSERT INTO "schema_migrations" (version) VALUES ('2')[0m
  [4;36;1mSQL (0.002587)[0m   [0;1mINSERT INTO "schema_migrations" (version) VALUES ('3')[0m
  [4;35;1mSQL (0.002529)[0m   [0mINSERT INTO "schema_migrations" (version) VALUES ('4')[0m
  [4;36;1mSQL (0.002795)[0m   [0;1mINSERT INTO "schema_migrations" (version) VALUES ('5')[0m
  [4;35;1mSQL (0.002768)[0m   [0mINSERT INTO "schema_migrations" (version) VALUES ('6')[0m
  [4;36;1mSQL (0.002637)[0m   [0;1mINSERT INTO "schema_migrations" (version) VALUES ('7')[0m
  [4;35;1mSQL (0.002457)[0m   [0mINSERT INTO "schema_migrations" (version) VALUES ('8')[0m
  [4;36;1mSQL (0.002950)[0m   [0;1mINSERT INTO "schema_migrations" (version) VALUES ('9')[0m
DEPRECATION WARNING: config.action_view.cache_template_extensions option has been deprecated and has no affect. Please remove it from your config files.  See http://www.rubyonrails.org/deprecation for details. (called from send at /Library/Ruby/Gems/1.8/gems/rails-2.1.0/lib/initializer.rb:455)
  [4;36;1mSQL (0.000832)[0m   [0;1m SELECT name
 FROM sqlite_master
 WHERE type = 'table' AND NOT name = 'sqlite_sequence'
[0m
  [4;35;1mSQL (0.000432)[0m   [0mSELECT version FROM schema_migrations[0m
  [4;36;1mSQL (0.000168)[0m   [0;1mselect sqlite_version(*)[0m
  [4;35;1mSQL (0.000461)[0m   [0mSELECT version FROM schema_migrations[0m
  [4;36;1mSQL (0.000290)[0m   [0;1m SELECT name
 FROM sqlite_master
 WHERE type = 'table' AND NOT name = 'sqlite_sequence'
[0m
  [4;35;1mSQL (0.000055)[0m   [0mPRAGMA index_list("brigades")[0m
  [4;36;1mSQL (0.000110)[0m   [0;1mPRAGMA index_list("feed_items")[0m
  [4;35;1mSQL (0.000112)[0m   [0mPRAGMA index_info('index_feed_items_on_feed_id')[0m
  [4;36;1mSQL (0.000043)[0m   [0;1mPRAGMA index_list("feeds")[0m
  [4;35;1mSQL (0.000042)[0m   [0mPRAGMA index_list("logged_exceptions")[0m
  [4;36;1mSQL (0.000166)[0m   [0;1mselect sqlite_version(*)[0m
  [4;35;1mSQL (0.000189)[0m   [0m SELECT name
 FROM sqlite_master
 WHERE type = 'table' AND NOT name = 'sqlite_sequence'
[0m
  [4;36;1mSQL (0.002850)[0m   [0;1mCREATE TABLE "brigades" ("id" INTEGER PRIMARY KEY AUTOINCREMENT NOT NULL, "name" varchar(255) DEFAULT NULL NULL, "description" text DEFAULT NULL NULL, "membership_size" integer DEFAULT NULL NULL, "website_url" varchar(255) DEFAULT NULL NULL, "established_on" date DEFAULT NULL NULL, "city" varchar(255) DEFAULT NULL NULL, "state_region" varchar(255) DEFAULT NULL NULL, "country" varchar(255) DEFAULT NULL NULL, "postal_code" varchar(255) DEFAULT NULL NULL, "lat" decimal(15,10) DEFAULT NULL NULL, "lng" decimal(15,10) DEFAULT NULL NULL, "created_at" datetime DEFAULT NULL NULL, "updated_at" datetime DEFAULT NULL NULL, "subdomain" varchar(255) DEFAULT NULL NULL) [0m
  [4;35;1mSQL (0.000330)[0m   [0m SELECT name
 FROM sqlite_master
 WHERE type = 'table' AND NOT name = 'sqlite_sequence'
[0m
  [4;36;1mSQL (0.002399)[0m   [0;1mCREATE TABLE "feed_items" ("id" INTEGER PRIMARY KEY AUTOINCREMENT NOT NULL, "summary" varchar(255) DEFAULT NULL NULL, "description" text DEFAULT NULL NULL, "uri" varchar(255) DEFAULT NULL NULL, "location" text DEFAULT NULL NULL, "starts_at" datetime DEFAULT NULL NULL, "ends_at" datetime DEFAULT NULL NULL, "type" varchar(255) DEFAULT NULL NULL, "created_at" datetime DEFAULT NULL NULL, "updated_at" datetime DEFAULT NULL NULL, "feed_id" integer NOT NULL, "guid" varchar(255) DEFAULT NULL NULL, "published_at" datetime DEFAULT NULL NULL) [0m
  [4;35;1mSQL (0.002625)[0m   [0mCREATE INDEX "index_feed_items_on_feed_id" ON "feed_items" ("feed_id")[0m
  [4;36;1mSQL (0.000364)[0m   [0;1m SELECT name
 FROM sqlite_master
 WHERE type = 'table' AND NOT name = 'sqlite_sequence'
[0m
  [4;35;1mSQL (0.002895)[0m   [0mCREATE TABLE "feeds" ("id" INTEGER PRIMARY KEY AUTOINCREMENT NOT NULL, "uri" varchar(255) DEFAULT NULL NULL, "last_checked_at" datetime DEFAULT NULL NULL, "brigade_id" integer DEFAULT NULL NULL, "type" varchar(255) DEFAULT NULL NULL, "created_at" datetime DEFAULT NULL NULL, "updated_at" datetime DEFAULT NULL NULL, "title" varchar(255) DEFAULT NULL NULL) [0m
  [4;36;1mSQL (0.000454)[0m   [0;1m SELECT name
 FROM sqlite_master
 WHERE type = 'table' AND NOT name = 'sqlite_sequence'
[0m
  [4;35;1mSQL (0.002822)[0m   [0mCREATE TABLE "logged_exceptions" ("id" INTEGER PRIMARY KEY AUTOINCREMENT NOT NULL, "exception_class" varchar(255) DEFAULT NULL NULL, "controller_name" varchar(255) DEFAULT NULL NULL, "action_name" varchar(255) DEFAULT NULL NULL, "message" text DEFAULT NULL NULL, "backtrace" text DEFAULT NULL NULL, "environment" text DEFAULT NULL NULL, "request" text DEFAULT NULL NULL, "created_at" datetime DEFAULT NULL NULL) [0m
  [4;36;1mSQL (0.000730)[0m   [0;1m SELECT name
 FROM sqlite_master
 WHERE type = 'table' AND NOT name = 'sqlite_sequence'
[0m
  [4;35;1mSQL (0.002815)[0m   [0mCREATE TABLE "schema_migrations" ("version" varchar(255) NOT NULL) [0m
  [4;36;1mSQL (0.002837)[0m   [0;1mCREATE UNIQUE INDEX "unique_schema_migrations" ON "schema_migrations" ("version")[0m
  [4;35;1mSQL (0.000897)[0m   [0m SELECT name
 FROM sqlite_master
 WHERE type = 'table' AND NOT name = 'sqlite_sequence'
[0m
  [4;36;1mSQL (0.000158)[0m   [0;1mSELECT version FROM "schema_migrations"[0m
  [4;35;1mSQL (0.002673)[0m   [0mINSERT INTO "schema_migrations" (version) VALUES ('10')[0m
  [4;36;1mSQL (0.002391)[0m   [0;1mINSERT INTO "schema_migrations" (version) VALUES ('1')[0m
  [4;35;1mSQL (0.002207)[0m   [0mINSERT INTO "schema_migrations" (version) VALUES ('2')[0m
  [4;36;1mSQL (0.002270)[0m   [0;1mINSERT INTO "schema_migrations" (version) VALUES ('3')[0m
  [4;35;1mSQL (0.002882)[0m   [0mINSERT INTO "schema_migrations" (version) VALUES ('4')[0m
  [4;36;1mSQL (0.002494)[0m   [0;1mINSERT INTO "schema_migrations" (version) VALUES ('5')[0m
  [4;35;1mSQL (0.002417)[0m   [0mINSERT INTO "schema_migrations" (version) VALUES ('6')[0m
  [4;36;1mSQL (0.002746)[0m   [0;1mINSERT INTO "schema_migrations" (version) VALUES ('7')[0m
  [4;35;1mSQL (0.003017)[0m   [0mINSERT INTO "schema_migrations" (version) VALUES ('8')[0m
  [4;36;1mSQL (0.002486)[0m   [0;1mINSERT INTO "schema_migrations" (version) VALUES ('9')[0m
DEPRECATION WARNING: config.action_view.cache_template_extensions option has been deprecated and has no affect. Please remove it from your config files.  See http://www.rubyonrails.org/deprecation for details. (called from send at /Library/Ruby/Gems/1.8/gems/rails-2.1.0/lib/initializer.rb:455)
  [4;36;1mSQL (0.000874)[0m   [0;1m SELECT name
 FROM sqlite_master
 WHERE type = 'table' AND NOT name = 'sqlite_sequence'
[0m
  [4;35;1mSQL (0.000444)[0m   [0mSELECT version FROM schema_migrations[0m
  [4;36;1mSQL (0.000160)[0m   [0;1mselect sqlite_version(*)[0m
  [4;35;1mSQL (0.000459)[0m   [0mSELECT version FROM schema_migrations[0m
  [4;36;1mSQL (0.000293)[0m   [0;1m SELECT name
 FROM sqlite_master
 WHERE type = 'table' AND NOT name = 'sqlite_sequence'
[0m
  [4;35;1mSQL (0.000050)[0m   [0mPRAGMA index_list("brigades")[0m
  [4;36;1mSQL (0.000116)[0m   [0;1mPRAGMA index_list("feed_items")[0m
  [4;35;1mSQL (0.000112)[0m   [0mPRAGMA index_info('index_feed_items_on_feed_id')[0m
  [4;36;1mSQL (0.000044)[0m   [0;1mPRAGMA index_list("feeds")[0m
  [4;35;1mSQL (0.000044)[0m   [0mPRAGMA index_list("logged_exceptions")[0m
  [4;36;1mSQL (0.000152)[0m   [0;1mselect sqlite_version(*)[0m
  [4;35;1mSQL (0.000191)[0m   [0m SELECT name
 FROM sqlite_master
 WHERE type = 'table' AND NOT name = 'sqlite_sequence'
[0m
  [4;36;1mSQL (0.002515)[0m   [0;1mCREATE TABLE "brigades" ("id" INTEGER PRIMARY KEY AUTOINCREMENT NOT NULL, "name" varchar(255) DEFAULT NULL NULL, "description" text DEFAULT NULL NULL, "membership_size" integer DEFAULT NULL NULL, "website_url" varchar(255) DEFAULT NULL NULL, "established_on" date DEFAULT NULL NULL, "city" varchar(255) DEFAULT NULL NULL, "state_region" varchar(255) DEFAULT NULL NULL, "country" varchar(255) DEFAULT NULL NULL, "postal_code" varchar(255) DEFAULT NULL NULL, "lat" decimal(15,10) DEFAULT NULL NULL, "lng" decimal(15,10) DEFAULT NULL NULL, "created_at" datetime DEFAULT NULL NULL, "updated_at" datetime DEFAULT NULL NULL, "subdomain" varchar(255) DEFAULT NULL NULL) [0m
  [4;35;1mSQL (0.000313)[0m   [0m SELECT name
 FROM sqlite_master
 WHERE type = 'table' AND NOT name = 'sqlite_sequence'
[0m
  [4;36;1mSQL (0.002732)[0m   [0;1mCREATE TABLE "feed_items" ("id" INTEGER PRIMARY KEY AUTOINCREMENT NOT NULL, "summary" varchar(255) DEFAULT NULL NULL, "description" text DEFAULT NULL NULL, "uri" varchar(255) DEFAULT NULL NULL, "location" text DEFAULT NULL NULL, "starts_at" datetime DEFAULT NULL NULL, "ends_at" datetime DEFAULT NULL NULL, "type" varchar(255) DEFAULT NULL NULL, "created_at" datetime DEFAULT NULL NULL, "updated_at" datetime DEFAULT NULL NULL, "feed_id" integer NOT NULL, "guid" varchar(255) DEFAULT NULL NULL, "published_at" datetime DEFAULT NULL NULL) [0m
  [4;35;1mSQL (0.003219)[0m   [0mCREATE INDEX "index_feed_items_on_feed_id" ON "feed_items" ("feed_id")[0m
  [4;36;1mSQL (0.000440)[0m   [0;1m SELECT name
 FROM sqlite_master
 WHERE type = 'table' AND NOT name = 'sqlite_sequence'
[0m
  [4;35;1mSQL (0.003056)[0m   [0mCREATE TABLE "feeds" ("id" INTEGER PRIMARY KEY AUTOINCREMENT NOT NULL, "uri" varchar(255) DEFAULT NULL NULL, "last_checked_at" datetime DEFAULT NULL NULL, "brigade_id" integer DEFAULT NULL NULL, "type" varchar(255) DEFAULT NULL NULL, "created_at" datetime DEFAULT NULL NULL, "updated_at" datetime DEFAULT NULL NULL, "title" varchar(255) DEFAULT NULL NULL) [0m
  [4;36;1mSQL (0.001143)[0m   [0;1m SELECT name
 FROM sqlite_master
 WHERE type = 'table' AND NOT name = 'sqlite_sequence'
[0m
  [4;35;1mSQL (0.002768)[0m   [0mCREATE TABLE "logged_exceptions" ("id" INTEGER PRIMARY KEY AUTOINCREMENT NOT NULL, "exception_class" varchar(255) DEFAULT NULL NULL, "controller_name" varchar(255) DEFAULT NULL NULL, "action_name" varchar(255) DEFAULT NULL NULL, "message" text DEFAULT NULL NULL, "backtrace" text DEFAULT NULL NULL, "environment" text DEFAULT NULL NULL, "request" text DEFAULT NULL NULL, "created_at" datetime DEFAULT NULL NULL) [0m
  [4;36;1mSQL (0.000656)[0m   [0;1m SELECT name
 FROM sqlite_master
 WHERE type = 'table' AND NOT name = 'sqlite_sequence'
[0m
  [4;35;1mSQL (0.002628)[0m   [0mCREATE TABLE "schema_migrations" ("version" varchar(255) NOT NULL) [0m
  [4;36;1mSQL (0.002841)[0m   [0;1mCREATE UNIQUE INDEX "unique_schema_migrations" ON "schema_migrations" ("version")[0m
  [4;35;1mSQL (0.000837)[0m   [0m SELECT name
 FROM sqlite_master
 WHERE type = 'table' AND NOT name = 'sqlite_sequence'
[0m
  [4;36;1mSQL (0.000229)[0m   [0;1mSELECT version FROM "schema_migrations"[0m
  [4;35;1mSQL (0.002393)[0m   [0mINSERT INTO "schema_migrations" (version) VALUES ('10')[0m
  [4;36;1mSQL (0.002521)[0m   [0;1mINSERT INTO "schema_migrations" (version) VALUES ('1')[0m
  [4;35;1mSQL (0.002457)[0m   [0mINSERT INTO "schema_migrations" (version) VALUES ('2')[0m
  [4;36;1mSQL (0.002408)[0m   [0;1mINSERT INTO "schema_migrations" (version) VALUES ('3')[0m
  [4;35;1mSQL (0.002546)[0m   [0mINSERT INTO "schema_migrations" (version) VALUES ('4')[0m
  [4;36;1mSQL (0.002469)[0m   [0;1mINSERT INTO "schema_migrations" (version) VALUES ('5')[0m
  [4;35;1mSQL (0.002347)[0m   [0mINSERT INTO "schema_migrations" (version) VALUES ('6')[0m
  [4;36;1mSQL (0.002483)[0m   [0;1mINSERT INTO "schema_migrations" (version) VALUES ('7')[0m
  [4;35;1mSQL (0.002598)[0m   [0mINSERT INTO "schema_migrations" (version) VALUES ('8')[0m
  [4;36;1mSQL (0.002401)[0m   [0;1mINSERT INTO "schema_migrations" (version) VALUES ('9')[0m
DEPRECATION WARNING: config.action_view.cache_template_extensions option has been deprecated and has no affect. Please remove it from your config files.  See http://www.rubyonrails.org/deprecation for details. (called from send at /Library/Ruby/Gems/1.8/gems/rails-2.1.0/lib/initializer.rb:455)
  [4;36;1mSQL (0.000829)[0m   [0;1m SELECT name
 FROM sqlite_master
 WHERE type = 'table' AND NOT name = 'sqlite_sequence'
[0m
  [4;35;1mSQL (0.000435)[0m   [0mSELECT version FROM schema_migrations[0m
  [4;36;1mSQL (0.000170)[0m   [0;1mselect sqlite_version(*)[0m
  [4;35;1mSQL (0.000463)[0m   [0mSELECT version FROM schema_migrations[0m
  [4;36;1mSQL (0.000302)[0m   [0;1m SELECT name
 FROM sqlite_master
 WHERE type = 'table' AND NOT name = 'sqlite_sequence'
[0m
  [4;35;1mSQL (0.000056)[0m   [0mPRAGMA index_list("brigades")[0m
  [4;36;1mSQL (0.000110)[0m   [0;1mPRAGMA index_list("feed_items")[0m
  [4;35;1mSQL (0.000111)[0m   [0mPRAGMA index_info('index_feed_items_on_feed_id')[0m
  [4;36;1mSQL (0.000043)[0m   [0;1mPRAGMA index_list("feeds")[0m
  [4;35;1mSQL (0.000042)[0m   [0mPRAGMA index_list("logged_exceptions")[0m
  [4;36;1mSQL (0.000173)[0m   [0;1mselect sqlite_version(*)[0m
  [4;35;1mSQL (0.000201)[0m   [0m SELECT name
 FROM sqlite_master
 WHERE type = 'table' AND NOT name = 'sqlite_sequence'
[0m
  [4;36;1mSQL (0.002698)[0m   [0;1mCREATE TABLE "brigades" ("id" INTEGER PRIMARY KEY AUTOINCREMENT NOT NULL, "name" varchar(255) DEFAULT NULL NULL, "description" text DEFAULT NULL NULL, "membership_size" integer DEFAULT NULL NULL, "website_url" varchar(255) DEFAULT NULL NULL, "established_on" date DEFAULT NULL NULL, "city" varchar(255) DEFAULT NULL NULL, "state_region" varchar(255) DEFAULT NULL NULL, "country" varchar(255) DEFAULT NULL NULL, "postal_code" varchar(255) DEFAULT NULL NULL, "lat" decimal(15,10) DEFAULT NULL NULL, "lng" decimal(15,10) DEFAULT NULL NULL, "created_at" datetime DEFAULT NULL NULL, "updated_at" datetime DEFAULT NULL NULL, "subdomain" varchar(255) DEFAULT NULL NULL) [0m
  [4;35;1mSQL (0.000295)[0m   [0m SELECT name
 FROM sqlite_master
 WHERE type = 'table' AND NOT name = 'sqlite_sequence'
[0m
  [4;36;1mSQL (0.002471)[0m   [0;1mCREATE TABLE "feed_items" ("id" INTEGER PRIMARY KEY AUTOINCREMENT NOT NULL, "summary" varchar(255) DEFAULT NULL NULL, "description" text DEFAULT NULL NULL, "uri" varchar(255) DEFAULT NULL NULL, "location" text DEFAULT NULL NULL, "starts_at" datetime DEFAULT NULL NULL, "ends_at" datetime DEFAULT NULL NULL, "type" varchar(255) DEFAULT NULL NULL, "created_at" datetime DEFAULT NULL NULL, "updated_at" datetime DEFAULT NULL NULL, "feed_id" integer NOT NULL, "guid" varchar(255) DEFAULT NULL NULL, "published_at" datetime DEFAULT NULL NULL) [0m
  [4;35;1mSQL (0.002408)[0m   [0mCREATE INDEX "index_feed_items_on_feed_id" ON "feed_items" ("feed_id")[0m
  [4;36;1mSQL (0.000367)[0m   [0;1m SELECT name
 FROM sqlite_master
 WHERE type = 'table' AND NOT name = 'sqlite_sequence'
[0m
  [4;35;1mSQL (0.003099)[0m   [0mCREATE TABLE "feeds" ("id" INTEGER PRIMARY KEY AUTOINCREMENT NOT NULL, "uri" varchar(255) DEFAULT NULL NULL, "last_checked_at" datetime DEFAULT NULL NULL, "brigade_id" integer DEFAULT NULL NULL, "type" varchar(255) DEFAULT NULL NULL, "created_at" datetime DEFAULT NULL NULL, "updated_at" datetime DEFAULT NULL NULL, "title" varchar(255) DEFAULT NULL NULL) [0m
  [4;36;1mSQL (0.000412)[0m   [0;1m SELECT name
 FROM sqlite_master
 WHERE type = 'table' AND NOT name = 'sqlite_sequence'
[0m
  [4;35;1mSQL (0.002609)[0m   [0mCREATE TABLE "logged_exceptions" ("id" INTEGER PRIMARY KEY AUTOINCREMENT NOT NULL, "exception_class" varchar(255) DEFAULT NULL NULL, "controller_name" varchar(255) DEFAULT NULL NULL, "action_name" varchar(255) DEFAULT NULL NULL, "message" text DEFAULT NULL NULL, "backtrace" text DEFAULT NULL NULL, "environment" text DEFAULT NULL NULL, "request" text DEFAULT NULL NULL, "created_at" datetime DEFAULT NULL NULL) [0m
  [4;36;1mSQL (0.000673)[0m   [0;1m SELECT name
 FROM sqlite_master
 WHERE type = 'table' AND NOT name = 'sqlite_sequence'
[0m
  [4;35;1mSQL (0.002516)[0m   [0mCREATE TABLE "schema_migrations" ("version" varchar(255) NOT NULL) [0m
  [4;36;1mSQL (0.003151)[0m   [0;1mCREATE UNIQUE INDEX "unique_schema_migrations" ON "schema_migrations" ("version")[0m
  [4;35;1mSQL (0.000718)[0m   [0m SELECT name
 FROM sqlite_master
 WHERE type = 'table' AND NOT name = 'sqlite_sequence'
[0m
  [4;36;1mSQL (0.000150)[0m   [0;1mSELECT version FROM "schema_migrations"[0m
  [4;35;1mSQL (0.002331)[0m   [0mINSERT INTO "schema_migrations" (version) VALUES ('10')[0m
  [4;36;1mSQL (0.002071)[0m   [0;1mINSERT INTO "schema_migrations" (version) VALUES ('1')[0m
  [4;35;1mSQL (0.002675)[0m   [0mINSERT INTO "schema_migrations" (version) VALUES ('2')[0m
  [4;36;1mSQL (0.002442)[0m   [0;1mINSERT INTO "schema_migrations" (version) VALUES ('3')[0m
  [4;35;1mSQL (0.002249)[0m   [0mINSERT INTO "schema_migrations" (version) VALUES ('4')[0m
  [4;36;1mSQL (0.002245)[0m   [0;1mINSERT INTO "schema_migrations" (version) VALUES ('5')[0m
  [4;35;1mSQL (0.002497)[0m   [0mINSERT INTO "schema_migrations" (version) VALUES ('6')[0m
  [4;36;1mSQL (0.002473)[0m   [0;1mINSERT INTO "schema_migrations" (version) VALUES ('7')[0m
  [4;35;1mSQL (0.002541)[0m   [0mINSERT INTO "schema_migrations" (version) VALUES ('8')[0m
  [4;36;1mSQL (0.002435)[0m   [0;1mINSERT INTO "schema_migrations" (version) VALUES ('9')[0m
DEPRECATION WARNING: config.action_view.cache_template_extensions option has been deprecated and has no affect. Please remove it from your config files.  See http://www.rubyonrails.org/deprecation for details. (called from send at /Library/Ruby/Gems/1.8/gems/rails-2.1.0/lib/initializer.rb:455)
  [4;36;1mSQL (0.000813)[0m   [0;1m SELECT name
 FROM sqlite_master
 WHERE type = 'table' AND NOT name = 'sqlite_sequence'
[0m
  [4;35;1mSQL (0.000437)[0m   [0mSELECT version FROM schema_migrations[0m
  [4;36;1mSQL (0.000171)[0m   [0;1mselect sqlite_version(*)[0m
  [4;35;1mSQL (0.000460)[0m   [0mSELECT version FROM schema_migrations[0m
  [4;36;1mSQL (0.000295)[0m   [0;1m SELECT name
 FROM sqlite_master
 WHERE type = 'table' AND NOT name = 'sqlite_sequence'
[0m
  [4;35;1mSQL (0.000049)[0m   [0mPRAGMA index_list("brigades")[0m
  [4;36;1mSQL (0.000112)[0m   [0;1mPRAGMA index_list("feed_items")[0m
  [4;35;1mSQL (0.000112)[0m   [0mPRAGMA index_info('index_feed_items_on_feed_id')[0m
  [4;36;1mSQL (0.000043)[0m   [0;1mPRAGMA index_list("feeds")[0m
  [4;35;1mSQL (0.000043)[0m   [0mPRAGMA index_list("logged_exceptions")[0m
  [4;36;1mSQL (0.000154)[0m   [0;1mselect sqlite_version(*)[0m
  [4;35;1mSQL (0.000192)[0m   [0m SELECT name
 FROM sqlite_master
 WHERE type = 'table' AND NOT name = 'sqlite_sequence'
[0m
  [4;36;1mSQL (0.002535)[0m   [0;1mCREATE TABLE "brigades" ("id" INTEGER PRIMARY KEY AUTOINCREMENT NOT NULL, "name" varchar(255) DEFAULT NULL NULL, "description" text DEFAULT NULL NULL, "membership_size" integer DEFAULT NULL NULL, "website_url" varchar(255) DEFAULT NULL NULL, "established_on" date DEFAULT NULL NULL, "city" varchar(255) DEFAULT NULL NULL, "state_region" varchar(255) DEFAULT NULL NULL, "country" varchar(255) DEFAULT NULL NULL, "postal_code" varchar(255) DEFAULT NULL NULL, "lat" decimal(15,10) DEFAULT NULL NULL, "lng" decimal(15,10) DEFAULT NULL NULL, "created_at" datetime DEFAULT NULL NULL, "updated_at" datetime DEFAULT NULL NULL, "subdomain" varchar(255) DEFAULT NULL NULL) [0m
  [4;35;1mSQL (0.000320)[0m   [0m SELECT name
 FROM sqlite_master
 WHERE type = 'table' AND NOT name = 'sqlite_sequence'
[0m
  [4;36;1mSQL (0.002533)[0m   [0;1mCREATE TABLE "feed_items" ("id" INTEGER PRIMARY KEY AUTOINCREMENT NOT NULL, "summary" varchar(255) DEFAULT NULL NULL, "description" text DEFAULT NULL NULL, "uri" varchar(255) DEFAULT NULL NULL, "location" text DEFAULT NULL NULL, "starts_at" datetime DEFAULT NULL NULL, "ends_at" datetime DEFAULT NULL NULL, "type" varchar(255) DEFAULT NULL NULL, "created_at" datetime DEFAULT NULL NULL, "updated_at" datetime DEFAULT NULL NULL, "feed_id" integer NOT NULL, "guid" varchar(255) DEFAULT NULL NULL, "published_at" datetime DEFAULT NULL NULL) [0m
  [4;35;1mSQL (0.002199)[0m   [0mCREATE INDEX "index_feed_items_on_feed_id" ON "feed_items" ("feed_id")[0m
  [4;36;1mSQL (0.000379)[0m   [0;1m SELECT name
 FROM sqlite_master
 WHERE type = 'table' AND NOT name = 'sqlite_sequence'
[0m
  [4;35;1mSQL (0.003192)[0m   [0mCREATE TABLE "feeds" ("id" INTEGER PRIMARY KEY AUTOINCREMENT NOT NULL, "uri" varchar(255) DEFAULT NULL NULL, "last_checked_at" datetime DEFAULT NULL NULL, "brigade_id" integer DEFAULT NULL NULL, "type" varchar(255) DEFAULT NULL NULL, "created_at" datetime DEFAULT NULL NULL, "updated_at" datetime DEFAULT NULL NULL, "title" varchar(255) DEFAULT NULL NULL) [0m
  [4;36;1mSQL (0.000496)[0m   [0;1m SELECT name
 FROM sqlite_master
 WHERE type = 'table' AND NOT name = 'sqlite_sequence'
[0m
  [4;35;1mSQL (0.002406)[0m   [0mCREATE TABLE "logged_exceptions" ("id" INTEGER PRIMARY KEY AUTOINCREMENT NOT NULL, "exception_class" varchar(255) DEFAULT NULL NULL, "controller_name" varchar(255) DEFAULT NULL NULL, "action_name" varchar(255) DEFAULT NULL NULL, "message" text DEFAULT NULL NULL, "backtrace" text DEFAULT NULL NULL, "environment" text DEFAULT NULL NULL, "request" text DEFAULT NULL NULL, "created_at" datetime DEFAULT NULL NULL) [0m
  [4;36;1mSQL (0.000711)[0m   [0;1m SELECT name
 FROM sqlite_master
 WHERE type = 'table' AND NOT name = 'sqlite_sequence'
[0m
  [4;35;1mSQL (0.002514)[0m   [0mCREATE TABLE "schema_migrations" ("version" varchar(255) NOT NULL) [0m
  [4;36;1mSQL (0.002795)[0m   [0;1mCREATE UNIQUE INDEX "unique_schema_migrations" ON "schema_migrations" ("version")[0m
  [4;35;1mSQL (0.000761)[0m   [0m SELECT name
 FROM sqlite_master
 WHERE type = 'table' AND NOT name = 'sqlite_sequence'
[0m
  [4;36;1mSQL (0.000155)[0m   [0;1mSELECT version FROM "schema_migrations"[0m
  [4;35;1mSQL (0.002298)[0m   [0mINSERT INTO "schema_migrations" (version) VALUES ('10')[0m
  [4;36;1mSQL (0.002488)[0m   [0;1mINSERT INTO "schema_migrations" (version) VALUES ('1')[0m
  [4;35;1mSQL (0.002852)[0m   [0mINSERT INTO "schema_migrations" (version) VALUES ('2')[0m
  [4;36;1mSQL (0.002873)[0m   [0;1mINSERT INTO "schema_migrations" (version) VALUES ('3')[0m
  [4;35;1mSQL (0.002502)[0m   [0mINSERT INTO "schema_migrations" (version) VALUES ('4')[0m
  [4;36;1mSQL (0.002408)[0m   [0;1mINSERT INTO "schema_migrations" (version) VALUES ('5')[0m
  [4;35;1mSQL (0.002298)[0m   [0mINSERT INTO "schema_migrations" (version) VALUES ('6')[0m
  [4;36;1mSQL (0.002409)[0m   [0;1mINSERT INTO "schema_migrations" (version) VALUES ('7')[0m
  [4;35;1mSQL (0.002377)[0m   [0mINSERT INTO "schema_migrations" (version) VALUES ('8')[0m
  [4;36;1mSQL (0.002683)[0m   [0;1mINSERT INTO "schema_migrations" (version) VALUES ('9')[0m
DEPRECATION WARNING: config.action_view.cache_template_extensions option has been deprecated and has no affect. Please remove it from your config files.  See http://www.rubyonrails.org/deprecation for details. (called from send at /Library/Ruby/Gems/1.8/gems/rails-2.1.0/lib/initializer.rb:455)
  [4;36;1mSQL (0.000837)[0m   [0;1m SELECT name
 FROM sqlite_master
 WHERE type = 'table' AND NOT name = 'sqlite_sequence'
[0m
  [4;35;1mSQL (0.000438)[0m   [0mSELECT version FROM schema_migrations[0m
  [4;36;1mSQL (0.000162)[0m   [0;1mselect sqlite_version(*)[0m
  [4;35;1mSQL (0.000466)[0m   [0mSELECT version FROM schema_migrations[0m
  [4;36;1mSQL (0.000299)[0m   [0;1m SELECT name
 FROM sqlite_master
 WHERE type = 'table' AND NOT name = 'sqlite_sequence'
[0m
  [4;35;1mSQL (0.000048)[0m   [0mPRAGMA index_list("brigades")[0m
  [4;36;1mSQL (0.000112)[0m   [0;1mPRAGMA index_list("feed_items")[0m
  [4;35;1mSQL (0.000112)[0m   [0mPRAGMA index_info('index_feed_items_on_feed_id')[0m
  [4;36;1mSQL (0.000043)[0m   [0;1mPRAGMA index_list("feeds")[0m
  [4;35;1mSQL (0.000044)[0m   [0mPRAGMA index_list("logged_exceptions")[0m
  [4;36;1mSQL (0.000164)[0m   [0;1mselect sqlite_version(*)[0m
  [4;35;1mSQL (0.000195)[0m   [0m SELECT name
 FROM sqlite_master
 WHERE type = 'table' AND NOT name = 'sqlite_sequence'
[0m
  [4;36;1mSQL (0.002836)[0m   [0;1mCREATE TABLE "brigades" ("id" INTEGER PRIMARY KEY AUTOINCREMENT NOT NULL, "name" varchar(255) DEFAULT NULL NULL, "description" text DEFAULT NULL NULL, "membership_size" integer DEFAULT NULL NULL, "website_url" varchar(255) DEFAULT NULL NULL, "established_on" date DEFAULT NULL NULL, "city" varchar(255) DEFAULT NULL NULL, "state_region" varchar(255) DEFAULT NULL NULL, "country" varchar(255) DEFAULT NULL NULL, "postal_code" varchar(255) DEFAULT NULL NULL, "lat" decimal(15,10) DEFAULT NULL NULL, "lng" decimal(15,10) DEFAULT NULL NULL, "created_at" datetime DEFAULT NULL NULL, "updated_at" datetime DEFAULT NULL NULL, "subdomain" varchar(255) DEFAULT NULL NULL) [0m
  [4;35;1mSQL (0.000317)[0m   [0m SELECT name
 FROM sqlite_master
 WHERE type = 'table' AND NOT name = 'sqlite_sequence'
[0m
  [4;36;1mSQL (0.002741)[0m   [0;1mCREATE TABLE "feed_items" ("id" INTEGER PRIMARY KEY AUTOINCREMENT NOT NULL, "summary" varchar(255) DEFAULT NULL NULL, "description" text DEFAULT NULL NULL, "uri" varchar(255) DEFAULT NULL NULL, "location" text DEFAULT NULL NULL, "starts_at" datetime DEFAULT NULL NULL, "ends_at" datetime DEFAULT NULL NULL, "type" varchar(255) DEFAULT NULL NULL, "created_at" datetime DEFAULT NULL NULL, "updated_at" datetime DEFAULT NULL NULL, "feed_id" integer NOT NULL, "guid" varchar(255) DEFAULT NULL NULL, "published_at" datetime DEFAULT NULL NULL) [0m
  [4;35;1mSQL (0.002667)[0m   [0mCREATE INDEX "index_feed_items_on_feed_id" ON "feed_items" ("feed_id")[0m
  [4;36;1mSQL (0.000397)[0m   [0;1m SELECT name
 FROM sqlite_master
 WHERE type = 'table' AND NOT name = 'sqlite_sequence'
[0m
  [4;35;1mSQL (0.003636)[0m   [0mCREATE TABLE "feeds" ("id" INTEGER PRIMARY KEY AUTOINCREMENT NOT NULL, "uri" varchar(255) DEFAULT NULL NULL, "last_checked_at" datetime DEFAULT NULL NULL, "brigade_id" integer DEFAULT NULL NULL, "type" varchar(255) DEFAULT NULL NULL, "created_at" datetime DEFAULT NULL NULL, "updated_at" datetime DEFAULT NULL NULL, "title" varchar(255) DEFAULT NULL NULL) [0m
  [4;36;1mSQL (0.000607)[0m   [0;1m SELECT name
 FROM sqlite_master
 WHERE type = 'table' AND NOT name = 'sqlite_sequence'
[0m
  [4;35;1mSQL (0.002771)[0m   [0mCREATE TABLE "logged_exceptions" ("id" INTEGER PRIMARY KEY AUTOINCREMENT NOT NULL, "exception_class" varchar(255) DEFAULT NULL NULL, "controller_name" varchar(255) DEFAULT NULL NULL, "action_name" varchar(255) DEFAULT NULL NULL, "message" text DEFAULT NULL NULL, "backtrace" text DEFAULT NULL NULL, "environment" text DEFAULT NULL NULL, "request" text DEFAULT NULL NULL, "created_at" datetime DEFAULT NULL NULL) [0m
  [4;36;1mSQL (0.000690)[0m   [0;1m SELECT name
 FROM sqlite_master
 WHERE type = 'table' AND NOT name = 'sqlite_sequence'
[0m
  [4;35;1mSQL (0.002962)[0m   [0mCREATE TABLE "schema_migrations" ("version" varchar(255) NOT NULL) [0m
  [4;36;1mSQL (0.003142)[0m   [0;1mCREATE UNIQUE INDEX "unique_schema_migrations" ON "schema_migrations" ("version")[0m
  [4;35;1mSQL (0.000768)[0m   [0m SELECT name
 FROM sqlite_master
 WHERE type = 'table' AND NOT name = 'sqlite_sequence'
[0m
  [4;36;1mSQL (0.000157)[0m   [0;1mSELECT version FROM "schema_migrations"[0m
  [4;35;1mSQL (0.002590)[0m   [0mINSERT INTO "schema_migrations" (version) VALUES ('10')[0m
  [4;36;1mSQL (0.002613)[0m   [0;1mINSERT INTO "schema_migrations" (version) VALUES ('1')[0m
  [4;35;1mSQL (0.002712)[0m   [0mINSERT INTO "schema_migrations" (version) VALUES ('2')[0m
  [4;36;1mSQL (0.002436)[0m   [0;1mINSERT INTO "schema_migrations" (version) VALUES ('3')[0m
  [4;35;1mSQL (0.002235)[0m   [0mINSERT INTO "schema_migrations" (version) VALUES ('4')[0m
  [4;36;1mSQL (0.002450)[0m   [0;1mINSERT INTO "schema_migrations" (version) VALUES ('5')[0m
  [4;35;1mSQL (0.002971)[0m   [0mINSERT INTO "schema_migrations" (version) VALUES ('6')[0m
  [4;36;1mSQL (0.002484)[0m   [0;1mINSERT INTO "schema_migrations" (version) VALUES ('7')[0m
  [4;35;1mSQL (0.002605)[0m   [0mINSERT INTO "schema_migrations" (version) VALUES ('8')[0m
  [4;36;1mSQL (0.002833)[0m   [0;1mINSERT INTO "schema_migrations" (version) VALUES ('9')[0m
DEPRECATION WARNING: config.action_view.cache_template_extensions option has been deprecated and has no affect. Please remove it from your config files.  See http://www.rubyonrails.org/deprecation for details. (called from send at /Library/Ruby/Gems/1.8/gems/rails-2.1.0/lib/initializer.rb:455)
  [4;36;1mSQL (0.000863)[0m   [0;1m SELECT name
 FROM sqlite_master
 WHERE type = 'table' AND NOT name = 'sqlite_sequence'
[0m
  [4;35;1mSQL (0.000444)[0m   [0mSELECT version FROM schema_migrations[0m
  [4;36;1mSQL (0.000168)[0m   [0;1mselect sqlite_version(*)[0m
  [4;35;1mSQL (0.000463)[0m   [0mSELECT version FROM schema_migrations[0m
  [4;36;1mSQL (0.000297)[0m   [0;1m SELECT name
 FROM sqlite_master
 WHERE type = 'table' AND NOT name = 'sqlite_sequence'
[0m
  [4;35;1mSQL (0.000048)[0m   [0mPRAGMA index_list("brigades")[0m
  [4;36;1mSQL (0.000113)[0m   [0;1mPRAGMA index_list("feed_items")[0m
  [4;35;1mSQL (0.000112)[0m   [0mPRAGMA index_info('index_feed_items_on_feed_id')[0m
  [4;36;1mSQL (0.000044)[0m   [0;1mPRAGMA index_list("feeds")[0m
  [4;35;1mSQL (0.000044)[0m   [0mPRAGMA index_list("logged_exceptions")[0m
  [4;36;1mSQL (0.000168)[0m   [0;1mselect sqlite_version(*)[0m
  [4;35;1mSQL (0.000194)[0m   [0m SELECT name
 FROM sqlite_master
 WHERE type = 'table' AND NOT name = 'sqlite_sequence'
[0m
  [4;36;1mSQL (0.002412)[0m   [0;1mCREATE TABLE "brigades" ("id" INTEGER PRIMARY KEY AUTOINCREMENT NOT NULL, "name" varchar(255) DEFAULT NULL NULL, "description" text DEFAULT NULL NULL, "membership_size" integer DEFAULT NULL NULL, "website_url" varchar(255) DEFAULT NULL NULL, "established_on" date DEFAULT NULL NULL, "city" varchar(255) DEFAULT NULL NULL, "state_region" varchar(255) DEFAULT NULL NULL, "country" varchar(255) DEFAULT NULL NULL, "postal_code" varchar(255) DEFAULT NULL NULL, "lat" decimal(15,10) DEFAULT NULL NULL, "lng" decimal(15,10) DEFAULT NULL NULL, "created_at" datetime DEFAULT NULL NULL, "updated_at" datetime DEFAULT NULL NULL, "subdomain" varchar(255) DEFAULT NULL NULL) [0m
  [4;35;1mSQL (0.000329)[0m   [0m SELECT name
 FROM sqlite_master
 WHERE type = 'table' AND NOT name = 'sqlite_sequence'
[0m
  [4;36;1mSQL (0.002526)[0m   [0;1mCREATE TABLE "feed_items" ("id" INTEGER PRIMARY KEY AUTOINCREMENT NOT NULL, "summary" varchar(255) DEFAULT NULL NULL, "description" text DEFAULT NULL NULL, "uri" varchar(255) DEFAULT NULL NULL, "location" text DEFAULT NULL NULL, "starts_at" datetime DEFAULT NULL NULL, "ends_at" datetime DEFAULT NULL NULL, "type" varchar(255) DEFAULT NULL NULL, "created_at" datetime DEFAULT NULL NULL, "updated_at" datetime DEFAULT NULL NULL, "feed_id" integer NOT NULL, "guid" varchar(255) DEFAULT NULL NULL, "published_at" datetime DEFAULT NULL NULL) [0m
  [4;35;1mSQL (0.002125)[0m   [0mCREATE INDEX "index_feed_items_on_feed_id" ON "feed_items" ("feed_id")[0m
  [4;36;1mSQL (0.000380)[0m   [0;1m SELECT name
 FROM sqlite_master
 WHERE type = 'table' AND NOT name = 'sqlite_sequence'
[0m
  [4;35;1mSQL (0.002885)[0m   [0mCREATE TABLE "feeds" ("id" INTEGER PRIMARY KEY AUTOINCREMENT NOT NULL, "uri" varchar(255) DEFAULT NULL NULL, "last_checked_at" datetime DEFAULT NULL NULL, "brigade_id" integer DEFAULT NULL NULL, "type" varchar(255) DEFAULT NULL NULL, "created_at" datetime DEFAULT NULL NULL, "updated_at" datetime DEFAULT NULL NULL, "title" varchar(255) DEFAULT NULL NULL) [0m
  [4;36;1mSQL (0.000507)[0m   [0;1m SELECT name
 FROM sqlite_master
 WHERE type = 'table' AND NOT name = 'sqlite_sequence'
[0m
  [4;35;1mSQL (0.002480)[0m   [0mCREATE TABLE "logged_exceptions" ("id" INTEGER PRIMARY KEY AUTOINCREMENT NOT NULL, "exception_class" varchar(255) DEFAULT NULL NULL, "controller_name" varchar(255) DEFAULT NULL NULL, "action_name" varchar(255) DEFAULT NULL NULL, "message" text DEFAULT NULL NULL, "backtrace" text DEFAULT NULL NULL, "environment" text DEFAULT NULL NULL, "request" text DEFAULT NULL NULL, "created_at" datetime DEFAULT NULL NULL) [0m
  [4;36;1mSQL (0.000526)[0m   [0;1m SELECT name
 FROM sqlite_master
 WHERE type = 'table' AND NOT name = 'sqlite_sequence'
[0m
  [4;35;1mSQL (0.002738)[0m   [0mCREATE TABLE "schema_migrations" ("version" varchar(255) NOT NULL) [0m
  [4;36;1mSQL (0.003134)[0m   [0;1mCREATE UNIQUE INDEX "unique_schema_migrations" ON "schema_migrations" ("version")[0m
  [4;35;1mSQL (0.000824)[0m   [0m SELECT name
 FROM sqlite_master
 WHERE type = 'table' AND NOT name = 'sqlite_sequence'
[0m
  [4;36;1mSQL (0.000168)[0m   [0;1mSELECT version FROM "schema_migrations"[0m
  [4;35;1mSQL (0.002709)[0m   [0mINSERT INTO "schema_migrations" (version) VALUES ('10')[0m
  [4;36;1mSQL (0.002694)[0m   [0;1mINSERT INTO "schema_migrations" (version) VALUES ('1')[0m
  [4;35;1mSQL (0.002536)[0m   [0mINSERT INTO "schema_migrations" (version) VALUES ('2')[0m
  [4;36;1mSQL (0.002375)[0m   [0;1mINSERT INTO "schema_migrations" (version) VALUES ('3')[0m
  [4;35;1mSQL (0.002266)[0m   [0mINSERT INTO "schema_migrations" (version) VALUES ('4')[0m
  [4;36;1mSQL (0.002401)[0m   [0;1mINSERT INTO "schema_migrations" (version) VALUES ('5')[0m
  [4;35;1mSQL (0.002241)[0m   [0mINSERT INTO "schema_migrations" (version) VALUES ('6')[0m
  [4;36;1mSQL (0.002292)[0m   [0;1mINSERT INTO "schema_migrations" (version) VALUES ('7')[0m
  [4;35;1mSQL (0.002640)[0m   [0mINSERT INTO "schema_migrations" (version) VALUES ('8')[0m
  [4;36;1mSQL (0.002670)[0m   [0;1mINSERT INTO "schema_migrations" (version) VALUES ('9')[0m
DEPRECATION WARNING: config.action_view.cache_template_extensions option has been deprecated and has no affect. Please remove it from your config files.  See http://www.rubyonrails.org/deprecation for details. (called from send at /Library/Ruby/Gems/1.8/gems/rails-2.1.0/lib/initializer.rb:455)
DEPRECATION WARNING: config.action_view.cache_template_extensions option has been deprecated and has no affect. Please remove it from your config files.  See http://www.rubyonrails.org/deprecation for details. (called from send at /Library/Ruby/Gems/1.8/gems/rails-2.1.0/lib/initializer.rb:455)


Processing BrigadesController#index (for 127.0.0.1 at 2008-08-03 15:06:28) [GET]
  Session ID: 255d65f3e97020b1c7dc6fe196bf3711
  Parameters: {"action"=>"index", "controller"=>"brigades"}
  [4;36;1mBrigade Load (0.000996)[0m   [0;1mSELECT * FROM "brigades" [0m
  [4;35;1mEvent Load (0.000669)[0m   [0mSELECT * FROM "feed_items" WHERE (starts_at >= '2008-08-03 15:06:28') AND ( ("feed_items"."type" = 'Event' ) ) ORDER BY starts_at ASC LIMIT 2[0m
  [4;36;1mBrigade Load (0.000761)[0m   [0;1mSELECT * FROM "brigades" ORDER BY created_at DESC LIMIT 3[0m
Rendering template within layouts/application
Rendering brigades/index
Completed in 0.03229 (30 reqs/sec) | Rendering: 0.01345 (41%) | DB: 0.00243 (7%) | 200 OK [http://localhost/]


Processing BrigadesController#show (for 127.0.0.1 at 2008-08-03 15:06:31) [GET]
  Session ID: BAh7BiIKZmxhc2hJQzonQWN0aW9uQ29udHJvbGxlcjo6Rmxhc2g6OkZsYXNo
SGFzaHsABjoKQHVzZWR7AA==--5af22b245039d0513f4aa3bc1e27af75a0fe1740
  Parameters: {"action"=>"show", "id"=>"457130374", "controller"=>"brigades"}
  [4;35;1mBrigade Load (0.000330)[0m   [0mSELECT * FROM "brigades" WHERE ("brigades"."id" = 457130374) [0m
Rendering template within layouts/application
Rendering brigades/show
  [4;36;1mRSS Load (0.000305)[0m   [0;1mSELECT * FROM "feeds" WHERE ("feeds".brigade_id = 457130374) AND ( ("feeds"."type" = 'RSS' ) ) LIMIT 1[0m
  [4;35;1mICS Load (0.000310)[0m   [0mSELECT * FROM "feeds" WHERE ("feeds".brigade_id = 457130374) AND ( ("feeds"."type" = 'ICS' ) ) LIMIT 1[0m
  [4;36;1mSQL (0.000223)[0m   [0;1mSELECT count(*) AS count_all FROM "feed_items" INNER JOIN feeds ON feed_items.feed_id = feeds.id WHERE (("feeds".brigade_id = 457130374) AND (("feeds".type = 'ICS'))) AND ( ("feed_items"."type" = 'Event' ) ) [0m
  [4;35;1mSQL (0.000208)[0m   [0mSELECT count(*) AS count_all FROM "feed_items" INNER JOIN feeds ON feed_items.feed_id = feeds.id WHERE (("feeds".brigade_id = 457130374) AND (("feeds".type = 'RSS'))) AND ( ("feed_items"."type" = 'Headline' ) ) [0m
Completed in 0.13813 (7 reqs/sec) | Rendering: 0.12455 (90%) | DB: 0.00138 (0%) | 200 OK [http://localhost/brigades/457130374]


Processing BrigadesController#edit (for 127.0.0.1 at 2008-08-03 15:06:35) [GET]
  Session ID: BAh7BiIKZmxhc2hJQzonQWN0aW9uQ29udHJvbGxlcjo6Rmxhc2g6OkZsYXNo
SGFzaHsABjoKQHVzZWR7AA==--5af22b245039d0513f4aa3bc1e27af75a0fe1740
  Parameters: {"action"=>"edit", "id"=>"457130374", "controller"=>"brigades"}
  [4;36;1mBrigade Load (0.000418)[0m   [0;1mSELECT * FROM "brigades" WHERE ("brigades"."id" = 457130374) [0m
Rendering template within layouts/alternative
Rendering brigades/edit
  [4;35;1mRSS Load (0.000365)[0m   [0mSELECT * FROM "feeds" WHERE ("feeds".brigade_id = 457130374) AND ( ("feeds"."type" = 'RSS' ) ) LIMIT 1[0m
  [4;36;1mICS Load (0.000307)[0m   [0;1mSELECT * FROM "feeds" WHERE ("feeds".brigade_id = 457130374) AND ( ("feeds"."type" = 'ICS' ) ) LIMIT 1[0m
Rendered brigades/_form (0.16401)
Completed in 0.40524 (2 reqs/sec) | Rendering: 0.30365 (74%) | DB: 0.00109 (0%) | 200 OK [http://localhost/brigades/457130374/edit]


Processing BrigadesController#update (for 127.0.0.1 at 2008-08-03 15:06:48) [PUT]
  Session ID: BAh7BiIKZmxhc2hJQzonQWN0aW9uQ29udHJvbGxlcjo6Rmxhc2g6OkZsYXNo
SGFzaHsABjoKQHVzZWR7AA==--5af22b245039d0513f4aa3bc1e27af75a0fe1740
  Parameters: {"brigade"=>{"name"=>"Tampa Ruby Brigade", "city"=>"Tampa", "postal_code"=>"", "feeds"=>{"ics"=>{"uri"=>"webcal://ruby.meetup.com/73/calendar/ical/cal.ics"}, "rss"=>{"uri"=>""}}, "subdomain"=>"tampa", "website_url"=>"http://tamparuby.com", "country"=>"", "description"=>"Curious about Ruby on Rails? Into web development and want to improve your technique, do things faster and cleaner? Want to learn more and meet others thinking along the same lines in the Tampa Bay area? If so, this is the place.", "state_region"=>"FL", "established_on(1i)"=>"2007", "established_on(2i)"=>"9", "membership_size"=>"61", "established_on(3i)"=>"8"}, "_method"=>"put", "action"=>"update", "id"=>"457130374", "controller"=>"brigades", "recaptcha_response_field"=>"is Richardson", "recaptcha_challenge_field"=>"02eDGFdgiXEOcNBbLKPciEJvgewjXjgyG70s_YEZHXW5_OkpYWcMprE5Ui9k1oBQDshMGaO3BUIlX04CJr6clvMjWnKroOIV-TD9UtTPVuoRhyB27_xuvAReapqShNajCULBGIe2VogXElwwB7Ti6UCd9MBcTZeUtsIB_-27KtmtVem4qgKZHbO1Hu60DZW17BHCiZrgIC"}
  [4;35;1mBrigade Load (0.000350)[0m   [0mSELECT * FROM "brigades" WHERE ("brigades"."id" = 457130374) [0m
  [4;36;1mRSS Load (0.000317)[0m   [0;1mSELECT * FROM "feeds" WHERE ("feeds".brigade_id = 457130374) AND ( ("feeds"."type" = 'RSS' ) ) LIMIT 1[0m
  [4;35;1mICS Load (0.000218)[0m   [0mSELECT * FROM "feeds" WHERE ("feeds".brigade_id = 457130374) AND ( ("feeds"."type" = 'ICS' ) ) LIMIT 1[0m
  [4;36;1mSQL (0.000081)[0m   [0;1mSELECT "subdomain" FROM "brigades" WHERE ("brigades".subdomain = 'tampa' AND "brigades".id <> 457130374) [0m
  [4;35;1mBrigade Update (0.000326)[0m   [0mUPDATE "brigades" SET "country" = '', "updated_at" = '2008-08-03 15:07:00' WHERE "id" = 457130374[0m
  [4;36;1mFeedItem Load (0.000170)[0m   [0;1mSELECT * FROM "feed_items" WHERE ("feed_items".feed_id = 179303658) [0m
  [4;35;1mRSS Update (0.000089)[0m   [0mUPDATE "feeds" SET "last_checked_at" = '2008-08-03 15:07:00', "title" = '' WHERE "id" = 179303658[0m
  [4;36;1mFeedItem Load (0.000146)[0m   [0;1mSELECT * FROM "feed_items" WHERE ("feed_items".feed_id = 567177154) [0m
  [4;35;1mEvent Create (0.000272)[0m   [0mINSERT INTO "feed_items" ("uri", "updated_at", "guid", "type", "starts_at", "summary", "description", "feed_id", "ends_at", "published_at", "location", "created_at") VALUES('http://ruby.meetup.com/73/calendar/8361374/', '2008-08-03 15:07:00', NULL, 'Event', '2008-08-21 23:00:00', 'The Tampa Ruby Brigade August Meetup', 'Ruby Meetups > The Tampa Ruby Brigade

Driving Directions:
Take I-275 to the Fowler Avenue exit (#51) and head east, or take I-75 south to the Fowler Avenue exit (#265) and head west. The main entrance to the university is at 4202 East Fowler Avenue. 

More directions: http://www.usf.edu/dir_tpa.html
Campus Map: http://usfweb2.usf.edu/campus_map/

 - Once you pull in the USF main entrance, go straight past the first light.
 - Go past the library (large building on your right) and take a right into the parking lot north of the library. 
 - The education building is north-east of the Library. You may need to park in the guest area in the parking garage. (Guest permit costs $4) 

The Laptop Lounge is located in room EDU-252 in the Education Building at USF. Get to the second floor and walk around the perimeter hallway to the back side of the building where you should be able to find room EDU-252. If you need help finding it, call the room at (813) 974-6816.

Tampa, FL 33620 - USA

Thursday, August 21 at 7:00 PM

Photo: http://photos1.meetupstatic.com/photos/event/8/e/2/b/event_1956395.jpeg

Attending: 2

Details: http://ruby.meetup.com/73/calendar/8361374/', 567177154, '2008-08-22 01:00:00', NULL, NULL, '2008-08-03 15:07:00')[0m
  [4;36;1mICS Update (0.000118)[0m   [0;1mUPDATE "feeds" SET "last_checked_at" = '2008-08-03 15:07:00' WHERE "id" = 567177154[0m
Redirected to http://localhost:3000/brigades/457130374
Completed in 12.64579 (0 reqs/sec) | DB: 0.00209 (0%) | 302 Found [http://localhost/brigades/457130374]


Processing BrigadesController#show (for 127.0.0.1 at 2008-08-03 15:07:00) [GET]
  Session ID: BAh7BzoUcmVjYXB0Y2hhX2Vycm9yMCIKZmxhc2hJQzonQWN0aW9uQ29udHJv
bGxlcjo6Rmxhc2g6OkZsYXNoSGFzaHsGOgtub3RpY2UiJkJyaWdhZGUgd2Fz
IHN1Y2Nlc3NmdWxseSB1cGRhdGVkLgY6CkB1c2VkewY7B0Y=--8d81921f38dea670fb971a91465919ea5478a5ef
  Parameters: {"action"=>"show", "id"=>"457130374", "controller"=>"brigades"}
  [4;35;1mBrigade Load (0.000340)[0m   [0mSELECT * FROM "brigades" WHERE ("brigades"."id" = 457130374) [0m
Rendering template within layouts/application
Rendering brigades/show
  [4;36;1mRSS Load (0.000309)[0m   [0;1mSELECT * FROM "feeds" WHERE ("feeds".brigade_id = 457130374) AND ( ("feeds"."type" = 'RSS' ) ) LIMIT 1[0m
  [4;35;1mICS Load (0.000263)[0m   [0mSELECT * FROM "feeds" WHERE ("feeds".brigade_id = 457130374) AND ( ("feeds"."type" = 'ICS' ) ) LIMIT 1[0m
  [4;36;1mSQL (0.000241)[0m   [0;1mSELECT count(*) AS count_all FROM "feed_items" INNER JOIN feeds ON feed_items.feed_id = feeds.id WHERE (("feeds".brigade_id = 457130374) AND (("feeds".type = 'ICS'))) AND ( ("feed_items"."type" = 'Event' ) ) [0m
  [4;35;1mEvent Load (0.000789)[0m   [0mSELECT "feed_items".* FROM "feed_items" INNER JOIN feeds ON feed_items.feed_id = feeds.id WHERE (("feeds".brigade_id = 457130374) AND (("feeds".type = 'ICS'))) AND ( ("feed_items"."type" = 'Event' ) ) ORDER BY feed_items.starts_at ASC[0m
  [4;36;1mSQL (0.000212)[0m   [0;1mSELECT count(*) AS count_all FROM "feed_items" INNER JOIN feeds ON feed_items.feed_id = feeds.id WHERE (("feeds".brigade_id = 457130374) AND (("feeds".type = 'RSS'))) AND ( ("feed_items"."type" = 'Headline' ) ) [0m
Completed in 0.04700 (21 reqs/sec) | Rendering: 0.03187 (67%) | DB: 0.00215 (4%) | 200 OK [http://localhost/brigades/457130374]
